Apr 16 08:37 : update: added /Moe Shop - Lovesick (w_ maisou)-XppT7y3FuLA.mp3
Apr 16 08:37 : update: added /Star Wars - Order 66 Sad Music Mix _ I'm So Sorry & Anakin's Betrayal-rzDPk8tqwvQ.mp3
Apr 16 08:38 : player: played "Star Wars - Order 66 Sad Music Mix _ I'm So Sorry & Anakin's Betrayal-rzDPk8tqwvQ.mp3"
Apr 16 08:40 : player: played "Star Wars - Order 66 Sad Music Mix _ I'm So Sorry & Anakin's Betrayal-rzDPk8tqwvQ.mp3"
Apr 16 10:46 : update: added /Brigador OST - 1-04 - March-QQ6ei2vnoe8.mp3
Apr 16 10:46 : update: added /Brigador OST - 1-08 - It's Our Rules Now-TzLfGnb3MDk.mp3
Apr 16 10:46 : update: added /Carpenter Brut - 347 Midnight Demons-ts4axsSHlpA.mp3
Apr 16 10:46 : update: added /Carpenter Brut - Looking for Tracy Tzu-oe1wA1hAdd0.mp3
Apr 16 10:46 : update: added /Carpenter Brut - Roller Mobster (Dark Synthwave AMV)-khchqRIPN4U.mp3
Apr 16 10:46 : update: added /Carpenter Brut - Turbo Killer-JvdT4wFh0tQ.mp3
Apr 16 10:46 : update: added /Carpenter Brut - Wake up the President-lLrX7MH1Rtg.mp3
Apr 16 10:46 : update: added /Cluster Buster - Hypovolemic Shock-uJmU8ATna5E.mp3
Apr 16 10:46 : update: added /d.notive - Streets of Passion-rx-nNeJ3vL4.mp3
Apr 16 10:46 : update: added /DANCE WITH THE DEAD - Andromeda-q3lpoGABH6A.mp3
Apr 16 10:46 : update: added /DANCE WITH THE DEAD - Her Ghost-E7VwdyEFGCc.mp3
Apr 16 10:46 : update: added /Dance With The Dead - Not Of This Earth-vZaEapPMaYM.mp3
Apr 16 10:46 : update: added /DANCE WITH THE DEAD - Riot-W_5unoZTpoQ.mp3
Apr 16 10:46 : update: added /Magic Sword - Legend Of The Keeper-JLzYAteddO0.mp3
Apr 16 10:46 : update: added /Mega Drive - I Am The Program (Perturbator remix) [The '80s Guy Montage]-5R77sH_ckT4.mp3
Apr 16 10:46 : update: added /Mega Drive - Maniac-nU0uTq6IhPM.mp3
Apr 16 10:46 : update: added /Meteor - Death Race (Round 2)-yC6v6sRYM-k.mp3
Apr 16 10:46 : update: added /Mitch Murder - The Touch (LIFELIKE Remix)-4B2aK5xH1Ns.mp3
Apr 16 10:46 : update: added /Neuroc - Jacked In-nzfF2Y6xqYw.mp3
Apr 16 10:46 : update: added /Nightdrive-8ZuitiqVYpY.mp3
Apr 16 10:46 : update: added /Robert Parker - Crystal City-yQn2noQ0TGc.mp3
Apr 16 10:46 : update: added /Scandroid - Monochrome (Sunset Neon Remix)-JhaF_YdzLao.mp3
Apr 16 10:46 : update: added /Sferro - Devant-ju0Jb_4nSiI.mp3
Apr 16 10:46 : update: added /DANCE WITH THE DEAD - The Pitt-SeKwQSRY7bY.mp3
Apr 16 10:46 : update: added /Daniel Deluxe - Momentum-Dof169D0tdw.mp3
Apr 16 10:46 : update: added /Das Mörtal - The Killing (Audio)-GjwO4b9vihI.mp3
Apr 16 10:46 : update: added /DR DISRESPECT OFFICIAL INTRO - ORIGINAL MUSIC BY DEADMAU5 -  VIOLENCE, SPEED & MOMENTUM-_tEIXJDqmFg.mp3
Apr 16 10:46 : update: added /Kavinsky - 1986 (HQ)-wKES3IIbTl4.mp3
Apr 16 10:46 : update: added /Kavinsky - Roadgame (Official Audio)-N8ZAx_OvKpM.mp3
Apr 16 10:46 : update: added /LazerHawk - King of The Streets-eyZQUEMZlCU.mp3
Apr 16 10:46 : update: added /Lazerhawk - Overdrive-x1NAhlVRaZ4.mp3
Apr 16 10:46 : update: added /Lazerhawk - Redline--PKV79lug54.mp3
Apr 16 10:46 : update: added /LAZERPUNK X QUIXOTIC - SPEEDRACER [Unofficial video]-r9P6OyE5HAw.mp3
Apr 16 10:46 : update: added /Lifelike - Motion-cJ64kTpPv8U.mp3
Apr 16 10:46 : update: added /M. Avossa - Miami Days-kx_VD9MpenE.mp3
Apr 16 10:46 : update: added /DANCE WITH THE DEAD - Robeast-nBvViQnjRk4.mp3
Apr 16 10:46 : update: added /Magic Sword - In The Face Of Evil-sV_Cagi25O8.mp3
Apr 16 10:46 : update: added /SPACEINVADER - Acceleration-KHzuqirnv4w.mp3
Apr 16 10:46 : update: added /Speed Machine - Confrontation-1cIFkH9HfwM.mp3
Apr 16 10:46 : update: added /Starcadian - Pompey Pirate-X4s1fZh7A28.mp3
Apr 16 10:46 : update: added /Sung - Neon Artery-dVL0r4BFN88.mp3
Apr 16 10:46 : update: added /Vector Hold  - Calibrated--X1mLDUacmo.mp3
Apr 16 10:46 : update: added /Vector Hold  - Calibrated--X1mLDUacmo.temp.mp3
Apr 16 10:46 : update: added /VHS Glitch - Doctor D (New DR Disrespect song 2018) OFFICIAL AUDIO-7UoP3Bw0qiY.mp3
Apr 16 10:46 : update: added /VHS Glitch - Stellar Pursuit-RMzBkV49Bao.mp3
Apr 16 10:46 : update: added /Waveshaper - Crystal Protocol-r80aUCMqHRE.mp3
Apr 16 10:46 : update: added /Wice - Star Fighter (Official Video) - _ Magnatron 2.0 is OUT NOW -EAYfJckSEN0.mp3
Apr 16 10:47 : update: added /DOCTOR VOX - Death [Argofox Release]-zZ81qi90E-Y.mp3
Apr 16 10:47 : update: added /DOCTOR VOX - Death [Argofox Release]-zZ81qi90E-Y.webm
Apr 16 10:47 : update: removing DOCTOR VOX - Death [Argofox Release]-zZ81qi90E-Y.webm
Apr 16 10:47 : update: updating /DOCTOR VOX - Death [Argofox Release]-zZ81qi90E-Y.mp3
Apr 16 10:47 : update: added /[Electro] - Stonebank - The Entity [Monstercat Release]-VHMG0tQ1sq0.mp3
Apr 16 10:47 : update: added /[Electro] - Stonebank - The Entity [Monstercat Release]-VHMG0tQ1sq0.webm
Apr 16 10:47 : update: removing [Electro] - Stonebank - The Entity [Monstercat Release]-VHMG0tQ1sq0.webm
Apr 16 10:47 : update: updating /[Electro] - Stonebank - The Entity [Monstercat Release]-VHMG0tQ1sq0.mp3
Apr 16 10:47 : update: added /Carpenter Brut - Sexkiller on the Loose-YOwSrPzT8qg.mp3
Apr 16 10:47 : update: added /Carpenter Brut - Sexkiller on the Loose-YOwSrPzT8qg.webm
Apr 16 10:47 : update: removing Carpenter Brut - Sexkiller on the Loose-YOwSrPzT8qg.webm
Apr 16 10:47 : update: updating /Carpenter Brut - Sexkiller on the Loose-YOwSrPzT8qg.mp3
Apr 16 10:48 : update: added /Pontiac At Night - Curfew Violations-U96IXzk_sb0.mp3
Apr 16 10:48 : update: added /Pontiac At Night - Curfew Violations-U96IXzk_sb0.webm
Apr 16 10:48 : update: removing Pontiac At Night - Curfew Violations-U96IXzk_sb0.webm
Apr 16 10:48 : update: updating /Pontiac At Night - Curfew Violations-U96IXzk_sb0.mp3
Apr 16 10:48 : update: added /LIFELIKE - Heatwave-b8D2is5P6Tw.mp3
Apr 16 10:48 : update: added /LIFELIKE - Heatwave-b8D2is5P6Tw.webm
Apr 16 10:48 : update: removing LIFELIKE - Heatwave-b8D2is5P6Tw.webm
Apr 16 10:48 : update: updating /LIFELIKE - Heatwave-b8D2is5P6Tw.mp3
Apr 16 10:48 : update: added /DANCE WITH THE DEAD - Skeletons In The Attic-DpA-QuGHMnI.mp3
Apr 16 10:48 : update: added /DANCE WITH THE DEAD - Skeletons In The Attic-DpA-QuGHMnI.webm
Apr 16 10:49 : update: removing DANCE WITH THE DEAD - Skeletons In The Attic-DpA-QuGHMnI.webm
Apr 16 10:49 : update: updating /DANCE WITH THE DEAD - Skeletons In The Attic-DpA-QuGHMnI.mp3
Apr 16 10:49 : update: added /Scandroid - Neo-Tokyo (Dance With The Dead Remix) (Instrumental)-OS1I0QxqyhM.mp3
Apr 16 10:49 : update: added /Scandroid - Neo-Tokyo (Dance With The Dead Remix) (Instrumental)-OS1I0QxqyhM.webm
Apr 16 10:49 : update: removing Scandroid - Neo-Tokyo (Dance With The Dead Remix) (Instrumental)-OS1I0QxqyhM.webm
Apr 16 10:49 : update: updating /Scandroid - Neo-Tokyo (Dance With The Dead Remix) (Instrumental)-OS1I0QxqyhM.mp3
Apr 16 10:49 : update: added /DONBOR - Against The Law-L5zVtifGxQE.m4a
Apr 16 10:49 : update: added /DONBOR - Against The Law-L5zVtifGxQE.mp3
Apr 16 10:49 : update: removing DONBOR - Against The Law-L5zVtifGxQE.m4a
Apr 16 10:49 : update: updating /DONBOR - Against The Law-L5zVtifGxQE.mp3
Apr 16 10:49 : update: added /Garth Knight Breakpoint.m4v-opZ1-rUFYMk.mp3
Apr 16 10:49 : update: added /Garth Knight Breakpoint.m4v-opZ1-rUFYMk.webm
Apr 16 10:49 : update: removing Garth Knight Breakpoint.m4v-opZ1-rUFYMk.webm
Apr 16 10:49 : update: updating /Garth Knight Breakpoint.m4v-opZ1-rUFYMk.mp3
Apr 16 10:50 : update: added /Flashworx - Futurisma-qcOiJnWniWg.mp3
Apr 16 10:50 : update: added /Flashworx - Futurisma-qcOiJnWniWg.webm
Apr 16 10:50 : update: removing Flashworx - Futurisma-qcOiJnWniWg.webm
Apr 16 10:50 : update: updating /Flashworx - Futurisma-qcOiJnWniWg.mp3
Apr 16 10:50 : update: added /POWERCYAN - Space Rock (PYLOT remix)-Tu5i9mXCn0k.mp3
Apr 16 10:50 : update: added /POWERCYAN - Space Rock (PYLOT remix)-Tu5i9mXCn0k.webm
Apr 16 10:50 : update: removing POWERCYAN - Space Rock (PYLOT remix)-Tu5i9mXCn0k.webm
Apr 16 10:50 : update: updating /POWERCYAN - Space Rock (PYLOT remix)-Tu5i9mXCn0k.mp3
Apr 16 10:50 : update: added /A Space Love Adventure - Thunderchrome-2j4dfl2S3kc.mp3
Apr 16 10:51 : update: added /Jordan F. - Overdrive-Z2nDKgylYqI.mp3
Apr 16 10:51 : update: added /Jordan F. - Overdrive-Z2nDKgylYqI.webm
Apr 16 10:51 : update: removing Jordan F. - Overdrive-Z2nDKgylYqI.webm
Apr 16 10:51 : update: updating /Jordan F. - Overdrive-Z2nDKgylYqI.mp3
Apr 16 10:51 : update: added /STARFORCE  - Age of Nano-c9cZSLfh7Xw.mp3
Apr 16 10:51 : update: added /STARFORCE  - Age of Nano-c9cZSLfh7Xw.webm
Apr 16 10:51 : update: removing STARFORCE  - Age of Nano-c9cZSLfh7Xw.webm
Apr 16 10:51 : update: updating /STARFORCE  - Age of Nano-c9cZSLfh7Xw.mp3
Apr 16 10:51 : update: added /Dynatron - Dust of the Saturn-1ud5yDjM63I.mp3
Apr 16 10:51 : update: added /Dynatron - Dust of the Saturn-1ud5yDjM63I.webm
Apr 16 10:51 : update: removing Dynatron - Dust of the Saturn-1ud5yDjM63I.webm
Apr 16 10:51 : update: updating /Dynatron - Dust of the Saturn-1ud5yDjM63I.mp3
Apr 16 10:52 : update: added /Absolute Valentine - In The 42nd Street [Full Single]--dZGXdauCq0.mp3
Apr 16 10:52 : update: added /Absolute Valentine - In The 42nd Street [Full Single]--dZGXdauCq0.webm
Apr 16 10:52 : update: removing Absolute Valentine - In The 42nd Street [Full Single]--dZGXdauCq0.webm
Apr 16 10:52 : update: updating /Absolute Valentine - In The 42nd Street [Full Single]--dZGXdauCq0.mp3
Apr 16 10:52 : update: added /Robert Parker - Power-qfzjZuGEl6s.mp3
Apr 16 10:52 : update: added /Robert Parker - Power-qfzjZuGEl6s.webm
Apr 16 10:52 : update: removing Robert Parker - Power-qfzjZuGEl6s.webm
Apr 16 10:52 : update: updating /Robert Parker - Power-qfzjZuGEl6s.mp3
Apr 16 10:52 : update: added /DANCE WITH THE DEAD - Diabolic-YanwyGP0Li4.mp3
Apr 16 10:52 : update: added /DANCE WITH THE DEAD - Diabolic-YanwyGP0Li4.webm
Apr 16 10:53 : update: removing DANCE WITH THE DEAD - Diabolic-YanwyGP0Li4.webm
Apr 16 10:53 : update: updating /DANCE WITH THE DEAD - Diabolic-YanwyGP0Li4.mp3
Apr 16 10:53 : update: added /Robert Parker - Arcade Oliver (feat. Waveshaper)-AiCW4SUl74k.mp3
Apr 16 10:53 : update: added /F.O.O.L - The Thief-uZCBEK_I8Jc.mp3
Apr 16 10:53 : update: added /F.O.O.L - The Thief-uZCBEK_I8Jc.webm
Apr 16 10:53 : update: added /ZHU, partywithray - Came For The Low-0DvNOC_277A.mp3
Apr 16 10:53 : update: removing F.O.O.L - The Thief-uZCBEK_I8Jc.webm
Apr 16 10:53 : update: updating /F.O.O.L - The Thief-uZCBEK_I8Jc.mp3
Apr 16 10:53 : update: added /Waveshaper - Future Vision (Official Video)-aw5bSyWFWOA.mp3
Apr 16 10:53 : update: added /Waveshaper - Future Vision (Official Video)-aw5bSyWFWOA.webm
Apr 16 10:53 : update: removing Waveshaper - Future Vision (Official Video)-aw5bSyWFWOA.webm
Apr 16 10:53 : update: updating /Waveshaper - Future Vision (Official Video)-aw5bSyWFWOA.mp3
Apr 16 10:53 : update: added /Scandroid - A Thousand Years (Instrumental)-dW6ZPsIB_f0.mp3
Apr 16 10:53 : update: added /Scandroid - A Thousand Years (Instrumental)-dW6ZPsIB_f0.webm
Apr 16 10:54 : update: removing Scandroid - A Thousand Years (Instrumental)-dW6ZPsIB_f0.webm
Apr 16 10:54 : update: updating /Scandroid - A Thousand Years (Instrumental)-dW6ZPsIB_f0.mp3
Apr 16 10:54 : update: added /F.O.O.L  - Highway [Tasty Release]-kycgNBL52Z4.mp3
Apr 16 10:54 : update: added /F.O.O.L  - Highway [Tasty Release]-kycgNBL52Z4.webm
Apr 16 10:54 : update: removing F.O.O.L  - Highway [Tasty Release]-kycgNBL52Z4.webm
Apr 16 10:54 : update: updating /F.O.O.L  - Highway [Tasty Release]-kycgNBL52Z4.mp3
Apr 16 10:54 : update: added /Bestrack - Stamina-_BB2Jy4ZO8E.m4a
Apr 16 10:54 : update: added /Bestrack - Stamina-_BB2Jy4ZO8E.mp3
Apr 16 10:54 : update: removing Bestrack - Stamina-_BB2Jy4ZO8E.m4a
Apr 16 10:54 : update: updating /Bestrack - Stamina-_BB2Jy4ZO8E.mp3
Apr 16 10:55 : update: added /Aerds - Deadline-DmFjZQZMIVs.mp3
Apr 16 10:55 : update: added /Aerds - Deadline-DmFjZQZMIVs.webm
Apr 16 10:55 : update: removing Aerds - Deadline-DmFjZQZMIVs.webm
Apr 16 10:55 : update: updating /Aerds - Deadline-DmFjZQZMIVs.mp3
Apr 16 10:55 : update: added /Hyper - Clockwork-Pt7kmByAPxI.mp3
Apr 16 10:55 : update: added /Hyper - Clockwork-Pt7kmByAPxI.webm
Apr 16 10:55 : update: removing Hyper - Clockwork-Pt7kmByAPxI.webm
Apr 16 10:55 : update: updating /Hyper - Clockwork-Pt7kmByAPxI.mp3
Apr 16 10:55 : update: added /Wice - Start The War-vDsaVa7AxX0.mp3
Apr 16 10:55 : update: added /Wice - Start The War-vDsaVa7AxX0.webm
Apr 16 10:55 : update: removing Wice - Start The War-vDsaVa7AxX0.webm
Apr 16 10:55 : update: updating /Wice - Start The War-vDsaVa7AxX0.mp3
Apr 16 10:56 : update: added /Vector Hold - Drifting-KPfKKej4tpk.mp3
Apr 16 10:56 : update: added /Vector Hold - Drifting-KPfKKej4tpk.webm
Apr 16 10:56 : update: removing Vector Hold - Drifting-KPfKKej4tpk.webm
Apr 16 10:56 : update: updating /Vector Hold - Drifting-KPfKKej4tpk.mp3
Apr 16 10:56 : update: added /DOCTOR VOX - Paranoid Empire [Argofox Release]-lzRCsS1h6MI.mp3
Apr 16 10:56 : update: added /DOCTOR VOX - Paranoid Empire [Argofox Release]-lzRCsS1h6MI.webm
Apr 16 10:56 : update: removing DOCTOR VOX - Paranoid Empire [Argofox Release]-lzRCsS1h6MI.webm
Apr 16 10:56 : update: updating /DOCTOR VOX - Paranoid Empire [Argofox Release]-lzRCsS1h6MI.mp3
Apr 16 10:56 : update: added /Stilz - Test Pilot Feat The Encounter-37XZWipAcZ8.mp3
Apr 16 10:56 : update: added /Stilz - Test Pilot Feat The Encounter-37XZWipAcZ8.webm
Apr 16 10:56 : update: removing Stilz - Test Pilot Feat The Encounter-37XZWipAcZ8.webm
Apr 16 10:56 : update: updating /Stilz - Test Pilot Feat The Encounter-37XZWipAcZ8.mp3
Apr 16 10:57 : update: added /M.A.D.E.S. - Mind-Ve-7bP30HyY.m4a
Apr 16 10:57 : update: added /M.A.D.E.S. - Mind-Ve-7bP30HyY.mp3
Apr 16 10:57 : update: removing M.A.D.E.S. - Mind-Ve-7bP30HyY.m4a
Apr 16 10:57 : update: updating /M.A.D.E.S. - Mind-Ve-7bP30HyY.mp3
Apr 16 10:57 : update: added /M.A.D.E.S - Miami Life-g-CivKPskfQ.mp3
Apr 16 10:57 : update: added /M.A.D.E.S - Miami Life-g-CivKPskfQ.webm
Apr 16 10:57 : update: removing M.A.D.E.S - Miami Life-g-CivKPskfQ.webm
Apr 16 10:57 : update: updating /M.A.D.E.S - Miami Life-g-CivKPskfQ.mp3
Apr 16 10:57 : update: added /Virtual Self - Ghost Voices (Shadient Edit)-Yeq-fNiPBeg.mp3
Apr 16 10:57 : player: played "ZHU, partywithray - Came For The Low-0DvNOC_277A.mp3"
Apr 16 10:57 : update: added /A Mega Drive Converter-a0Q7e9Q6DlI.mp3
Apr 16 10:57 : update: added /A Mega Drive Converter-a0Q7e9Q6DlI.webm
Apr 16 10:58 : update: removing A Mega Drive Converter-a0Q7e9Q6DlI.webm
Apr 16 10:58 : update: updating /A Mega Drive Converter-a0Q7e9Q6DlI.mp3
Apr 16 10:58 : update: added /Lifelike - Night Patrol-2iem75nuzok.mp3
Apr 16 10:58 : update: added /Lifelike - Night Patrol-2iem75nuzok.webm
Apr 16 10:58 : update: removing Lifelike - Night Patrol-2iem75nuzok.webm
Apr 16 10:58 : update: updating /Lifelike - Night Patrol-2iem75nuzok.mp3
Apr 16 10:58 : update: added /Scandroid - Thriller (PYLOT Remix) [Instrumental]-fjpOMncCDpI.mp3
Apr 16 10:58 : update: added /Scandroid - Thriller (PYLOT Remix) [Instrumental]-fjpOMncCDpI.webm
Apr 16 10:59 : update: removing Scandroid - Thriller (PYLOT Remix) [Instrumental]-fjpOMncCDpI.webm
Apr 16 10:59 : update: updating /Scandroid - Thriller (PYLOT Remix) [Instrumental]-fjpOMncCDpI.mp3
Apr 16 10:59 : update: added /M.A.D.E.S. - Nightkiller (Wice Remix)-tAvA32kXFro.mp3
Apr 16 10:59 : update: added /M.A.D.E.S. - Nightkiller (Wice Remix)-tAvA32kXFro.webm
Apr 16 10:59 : update: removing M.A.D.E.S. - Nightkiller (Wice Remix)-tAvA32kXFro.webm
Apr 16 10:59 : update: updating /M.A.D.E.S. - Nightkiller (Wice Remix)-tAvA32kXFro.mp3
Apr 16 10:59 : update: added /[Indie Dance] - PYLOT - A Race Against Time [Monstercat Release]-MSvVuGT1XrQ.mp3
Apr 16 10:59 : update: added /[Indie Dance] - PYLOT - A Race Against Time [Monstercat Release]-MSvVuGT1XrQ.webm
Apr 16 10:59 : update: removing [Indie Dance] - PYLOT - A Race Against Time [Monstercat Release]-MSvVuGT1XrQ.webm
Apr 16 10:59 : update: updating /[Indie Dance] - PYLOT - A Race Against Time [Monstercat Release]-MSvVuGT1XrQ.mp3
Apr 16 10:59 : update: added /Magic Sword - Legend Of The Keeper (F.O.O.L. Remix)-O2qcmzEqlF0.mp3
Apr 16 10:59 : update: added /Magic Sword - Legend Of The Keeper (F.O.O.L. Remix)-O2qcmzEqlF0.webm
Apr 16 10:59 : update: removing Magic Sword - Legend Of The Keeper (F.O.O.L. Remix)-O2qcmzEqlF0.webm
Apr 16 10:59 : update: updating /Magic Sword - Legend Of The Keeper (F.O.O.L. Remix)-O2qcmzEqlF0.mp3
Apr 16 11:00 : update: added /Quixotic - Metal Cobra-R3FCrKpQru8.mp3
Apr 16 11:00 : update: added /Paradelous - Power Slam (AMV)-J635mqk769k.mp3
Apr 16 11:00 : update: added /Paradelous - Power Slam (AMV)-J635mqk769k.webm
Apr 16 11:00 : update: removing Paradelous - Power Slam (AMV)-J635mqk769k.webm
Apr 16 11:00 : update: updating /Paradelous - Power Slam (AMV)-J635mqk769k.mp3
Apr 16 11:00 : update: added /Dance With The Dead - Only A Dream (Miami Vice 1984–1990 Tribute)-v61tFqtzxlk.mp3
Apr 16 11:00 : update: added /Dance With The Dead - Only A Dream (Miami Vice 1984–1990 Tribute)-v61tFqtzxlk.webm
Apr 16 11:00 : update: removing Dance With The Dead - Only A Dream (Miami Vice 1984–1990 Tribute)-v61tFqtzxlk.webm
Apr 16 11:00 : update: updating /Dance With The Dead - Only A Dream (Miami Vice 1984–1990 Tribute)-v61tFqtzxlk.mp3
Apr 16 11:00 : update: added /M.A.D.E.S - Return (Dark Synthwave AMV)-TCPLpykL4Rc.m4a
Apr 16 11:00 : update: added /M.A.D.E.S - Return (Dark Synthwave AMV)-TCPLpykL4Rc.mp3
Apr 16 11:01 : update: removing M.A.D.E.S - Return (Dark Synthwave AMV)-TCPLpykL4Rc.m4a
Apr 16 11:01 : update: updating /M.A.D.E.S - Return (Dark Synthwave AMV)-TCPLpykL4Rc.mp3
Apr 16 11:01 : update: added /RiFF RAFF - Dreamland (Official Music Video)-cXAlhtdkpCY.mp3
Apr 16 11:01 : update: added /RiFF RAFF - Dreamland (Official Music Video)-cXAlhtdkpCY.webm
Apr 16 11:01 : update: removing RiFF RAFF - Dreamland (Official Music Video)-cXAlhtdkpCY.webm
Apr 16 11:01 : update: updating /RiFF RAFF - Dreamland (Official Music Video)-cXAlhtdkpCY.mp3
Apr 16 11:01 : update: added /The Curse-SiwPY8CDqqU.mp3
Apr 16 11:01 : update: added /The Curse-SiwPY8CDqqU.webm
Apr 16 11:01 : update: removing The Curse-SiwPY8CDqqU.webm
Apr 16 11:01 : update: updating /The Curse-SiwPY8CDqqU.mp3
Apr 16 11:01 : update: added /Ono-Sendai-2u4kWge5t1g.mp3
Apr 16 11:01 : update: added /Ono-Sendai-2u4kWge5t1g.webm
Apr 16 11:02 : update: removing Ono-Sendai-2u4kWge5t1g.webm
Apr 16 11:02 : update: updating /Ono-Sendai-2u4kWge5t1g.mp3
Apr 16 11:02 : update: added /Lazerhawk - Shoulder Of Orion-EQnd8TEcEM4.mp3
Apr 16 11:02 : update: added /Lazerhawk - Shoulder Of Orion-EQnd8TEcEM4.webm
Apr 16 11:02 : update: removing Lazerhawk - Shoulder Of Orion-EQnd8TEcEM4.webm
Apr 16 11:02 : update: updating /Lazerhawk - Shoulder Of Orion-EQnd8TEcEM4.mp3
Apr 16 11:02 : update: added /Phoenix (Instrumental)-zFVRAh6DNok.m4a
Apr 16 11:02 : update: added /Phoenix (Instrumental)-zFVRAh6DNok.mp3
Apr 16 11:02 : update: removing Phoenix (Instrumental)-zFVRAh6DNok.m4a
Apr 16 11:02 : update: updating /Phoenix (Instrumental)-zFVRAh6DNok.mp3
Apr 16 11:03 : update: added /Inexedra - Absolution-M7yBJfomFyM.mp3
Apr 16 11:03 : update: added /Inexedra - Absolution-M7yBJfomFyM.webm
Apr 16 11:03 : update: removing Inexedra - Absolution-M7yBJfomFyM.webm
Apr 16 11:03 : update: updating /Inexedra - Absolution-M7yBJfomFyM.mp3
Apr 16 11:03 : update: added /Isidor - Fahrenheit the Crazy (Dark Synthwave _ Cyberpunk _ Retrowave) [AMV]-SCEpfXXwFa8.mp3
Apr 16 11:03 : update: added /Isidor - Fahrenheit the Crazy (Dark Synthwave _ Cyberpunk _ Retrowave) [AMV]-SCEpfXXwFa8.webm
Apr 16 11:03 : update: removing Isidor - Fahrenheit the Crazy (Dark Synthwave _ Cyberpunk _ Retrowave) [AMV]-SCEpfXXwFa8.webm
Apr 16 11:03 : update: updating /Isidor - Fahrenheit the Crazy (Dark Synthwave _ Cyberpunk _ Retrowave) [AMV]-SCEpfXXwFa8.mp3
Apr 16 11:03 : update: added /KING STEPHEN - Street Warriors (HUBRID Remix) [Dark Synthwave _ Cyberpunk]-fx0Q7YFrSug.mp3
Apr 16 11:04 : update: added /Fury Weekend - Struggle With The Dark-WK9EADY_WgA.mp3
Apr 16 11:04 : update: added /Fury Weekend - Struggle With The Dark-WK9EADY_WgA.webm
Apr 16 11:04 : update: removing Fury Weekend - Struggle With The Dark-WK9EADY_WgA.webm
Apr 16 11:04 : update: updating /Fury Weekend - Struggle With The Dark-WK9EADY_WgA.mp3
Apr 16 11:04 : update: added /Isidor - Children of Cyberpunk (Dark Synthwave _ Cyberpunk)-atV9Rbpfhbc.mp3
Apr 16 11:04 : update: added /Turbo Knight - Miami Turbo Boost 1984 (Synthwave _ Cyberpunk)-0cgGmjsudnA.mp3
Apr 16 11:04 : update: added /Turbo Knight - Miami Turbo Boost 1984 (Synthwave _ Cyberpunk)-0cgGmjsudnA.webm
Apr 16 11:04 : update: removing Turbo Knight - Miami Turbo Boost 1984 (Synthwave _ Cyberpunk)-0cgGmjsudnA.webm
Apr 16 11:04 : update: updating /Turbo Knight - Miami Turbo Boost 1984 (Synthwave _ Cyberpunk)-0cgGmjsudnA.mp3
Apr 16 11:05 : update: added /KLOUD - Humans (F.O.O.L Remix)-5n9Yn-iey4Y.mp3
Apr 16 11:05 : update: added /KLOUD - Humans (F.O.O.L Remix)-5n9Yn-iey4Y.webm
Apr 16 11:05 : update: removing KLOUD - Humans (F.O.O.L Remix)-5n9Yn-iey4Y.webm
Apr 16 11:05 : update: updating /KLOUD - Humans (F.O.O.L Remix)-5n9Yn-iey4Y.mp3
Apr 16 11:05 : update: added /3FORCE - Deviant (Synthwave _ Retrowave)-lUg5vLLZvTA.mp3
Apr 16 11:05 : update: added /3FORCE - Deviant (Synthwave _ Retrowave)-lUg5vLLZvTA.webm
Apr 16 11:05 : update: removing 3FORCE - Deviant (Synthwave _ Retrowave)-lUg5vLLZvTA.webm
Apr 16 11:05 : update: updating /3FORCE - Deviant (Synthwave _ Retrowave)-lUg5vLLZvTA.mp3
Apr 16 11:05 : update: added /Wice - Interstellar (Visualizer) - _ Magnatron III -4yL8woD0eIs.m4a
Apr 16 11:05 : update: added /Wice - Interstellar (Visualizer) - _ Magnatron III -4yL8woD0eIs.mp3
Apr 16 11:05 : update: removing Wice - Interstellar (Visualizer) - _ Magnatron III -4yL8woD0eIs.m4a
Apr 16 11:05 : update: updating /Wice - Interstellar (Visualizer) - _ Magnatron III -4yL8woD0eIs.mp3
Apr 16 11:05 : update: added /Miami Nights 1984 - Ocean Drive (Reupload)-V_B8WLV8F4w.mp3
Apr 16 11:05 : update: added /Miami Nights 1984 - Ocean Drive (Reupload)-V_B8WLV8F4w.webm
Apr 16 11:06 : update: removing Miami Nights 1984 - Ocean Drive (Reupload)-V_B8WLV8F4w.webm
Apr 16 11:06 : update: updating /Miami Nights 1984 - Ocean Drive (Reupload)-V_B8WLV8F4w.mp3
Apr 16 11:06 : update: added /Earmake - Regulus-Lf0cSnUZ5J4.mp3
Apr 16 11:06 : update: added /Earmake - Regulus-Lf0cSnUZ5J4.webm
Apr 16 11:06 : update: removing Earmake - Regulus-Lf0cSnUZ5J4.webm
Apr 16 11:06 : update: updating /Earmake - Regulus-Lf0cSnUZ5J4.mp3
Apr 16 11:06 : update: added /Violence Speed Momentum-tvjdungGVFc.mp3
Apr 16 11:06 : update: added /Violence Speed Momentum-tvjdungGVFc.webm
Apr 16 11:07 : update: removing Violence Speed Momentum-tvjdungGVFc.webm
Apr 16 11:07 : update: updating /Violence Speed Momentum-tvjdungGVFc.mp3
Apr 16 11:07 : update: added /Alleyways (feat. Dr Disrespect) (Wice Remix)-t1baueyz5yo.mp3
Apr 16 11:07 : update: added /Magic Sword  - Invincible (Waveshaper Remix)-rEDsHCoke3Y.mp3
Apr 16 11:07 : update: added /Magic Sword  - Invincible (Waveshaper Remix)-rEDsHCoke3Y.webm
Apr 16 11:07 : update: removing Magic Sword  - Invincible (Waveshaper Remix)-rEDsHCoke3Y.webm
Apr 16 11:07 : update: updating /Magic Sword  - Invincible (Waveshaper Remix)-rEDsHCoke3Y.mp3
Apr 16 11:07 : update: added /MALO - March of Progress-QBCLsnxNd4Y.mp3
Apr 16 11:07 : update: added /MALO - March of Progress-QBCLsnxNd4Y.webm
Apr 16 11:07 : update: removing MALO - March of Progress-QBCLsnxNd4Y.webm
Apr 16 11:07 : update: updating /MALO - March of Progress-QBCLsnxNd4Y.mp3
Apr 16 11:08 : update: added /Wice - Phase One-tSBIt-L-6yw.mp3
Apr 16 11:08 : update: added /Wice - Phase One-tSBIt-L-6yw.webm
Apr 16 11:08 : update: removing Wice - Phase One-tSBIt-L-6yw.webm
Apr 16 11:08 : update: updating /Wice - Phase One-tSBIt-L-6yw.mp3
Apr 16 11:08 : update: added /Night Rider 87 - Among The Stars (Dark Synthwave _ Cyberpunk)-SKK9Cl5ksGI.mp3
Apr 16 11:08 : update: added /Night Rider 87 - Among The Stars (Dark Synthwave _ Cyberpunk)-SKK9Cl5ksGI.webm
Apr 16 11:08 : update: removing Night Rider 87 - Among The Stars (Dark Synthwave _ Cyberpunk)-SKK9Cl5ksGI.webm
Apr 16 11:08 : update: updating /Night Rider 87 - Among The Stars (Dark Synthwave _ Cyberpunk)-SKK9Cl5ksGI.mp3
Apr 16 11:08 : update: added /John Wick (OST) - Shots Fired-WNXsO6j0n4s.mp3
Apr 16 11:08 : update: added /John Wick (OST) - Shots Fired-WNXsO6j0n4s.webm
Apr 16 11:09 : update: removing John Wick (OST) - Shots Fired-WNXsO6j0n4s.webm
Apr 16 11:09 : update: updating /John Wick (OST) - Shots Fired-WNXsO6j0n4s.mp3
Apr 16 11:09 : update: added /M.A.D.E.S - 1984 (AMV) [Dark Synthwave _ Cyberpunk]-HZ5xoRQ2RCI.mp3
Apr 16 11:09 : update: added /M.A.D.E.S - 1984 (AMV) [Dark Synthwave _ Cyberpunk]-HZ5xoRQ2RCI.webm
Apr 16 11:09 : update: removing M.A.D.E.S - 1984 (AMV) [Dark Synthwave _ Cyberpunk]-HZ5xoRQ2RCI.webm
Apr 16 11:09 : update: updating /M.A.D.E.S - 1984 (AMV) [Dark Synthwave _ Cyberpunk]-HZ5xoRQ2RCI.mp3
Apr 16 11:09 : update: added /Dead By Dawn - From Hell He Came (Synthwave _ Cyberpunk)-dq8O222WVx0.m4a
Apr 16 11:09 : update: added /Dead By Dawn - From Hell He Came (Synthwave _ Cyberpunk)-dq8O222WVx0.mp3
Apr 16 11:09 : update: removing Dead By Dawn - From Hell He Came (Synthwave _ Cyberpunk)-dq8O222WVx0.m4a
Apr 16 11:09 : update: updating /Dead By Dawn - From Hell He Came (Synthwave _ Cyberpunk)-dq8O222WVx0.mp3
Apr 16 11:09 : update: added /Isidor - Ripley Has A Gun (Cyberpunk Montage) [Synthwave _ Cyberpunk]-Gk45NkHGXXQ.mp3
Apr 16 11:10 : update: added /PYLOT - The Return (Official Music Video)-Oddp32TODKs.m4a
Apr 16 11:10 : update: added /PYLOT - The Return (Official Music Video)-Oddp32TODKs.mp3
Apr 16 11:10 : update: removing PYLOT - The Return (Official Music Video)-Oddp32TODKs.m4a
Apr 16 11:10 : update: updating /PYLOT - The Return (Official Music Video)-Oddp32TODKs.mp3
Apr 16 11:10 : update: added /SUPREEMO - EXPANSION (Dark Synthwave _ Cyberpunk)-3ddaOp-r3Zk.mp3
Apr 16 11:14 : player: played "Magic Sword - Legend Of The Keeper (F.O.O.L. Remix)-O2qcmzEqlF0.mp3"
Apr 16 11:19 : player: played "F.O.O.L  - Highway [Tasty Release]-kycgNBL52Z4.mp3"
Apr 16 11:56 : update: added /Comin' Home Baby-WBugBEWVnpA.mp3
Apr 16 11:57 : update: added /Dua Lipa - Break My Heart (Official Audio)-q8j-CfbwrxA.mp3
Apr 16 11:57 : update: added /Dua Lipa - Break My Heart (Official Audio)-q8j-CfbwrxA.webm
Apr 16 11:57 : update: removing Dua Lipa - Break My Heart (Official Audio)-q8j-CfbwrxA.webm
Apr 16 11:57 : update: updating /Dua Lipa - Break My Heart (Official Audio)-q8j-CfbwrxA.mp3
Apr 16 13:36 : player: played "[Indie Dance] - PYLOT - A Race Against Time [Monstercat Release]-MSvVuGT1XrQ.mp3"
Apr 16 13:43 : player: played "Star Wars - Order 66 Sad Music Mix _ I'm So Sorry & Anakin's Betrayal-rzDPk8tqwvQ.mp3"
Apr 16 13:51 : player: played "Kavinsky - Roadgame (Official Audio)-N8ZAx_OvKpM.mp3"
Apr 16 13:57 : player: played "Lifelike - Motion-cJ64kTpPv8U.mp3"
Apr 16 14:02 : player: played "Nightdrive-8ZuitiqVYpY.mp3"
Apr 16 14:05 : player: played "Brigador OST - 1-04 - March-QQ6ei2vnoe8.mp3"
Apr 16 14:09 : player: played "ZHU, partywithray - Came For The Low-0DvNOC_277A.mp3"
Apr 16 14:12 : player: played "DANCE WITH THE DEAD - The Pitt-SeKwQSRY7bY.mp3"
Apr 16 21:45 : update: added /Immigrant Song (Remaster)-y8OtzJtp-EM.mp3
Apr 16 21:47 : player: played "Immigrant Song (Remaster)-y8OtzJtp-EM.mp3"
Apr 17 08:23 : player: played "Immigrant Song (Remaster)-y8OtzJtp-EM.mp3"
Apr 17 08:52 : player: played "F.O.O.L  - Highway [Tasty Release]-kycgNBL52Z4.mp3"
Apr 17 09:01 : player: played "[Indie Dance] - PYLOT - A Race Against Time [Monstercat Release]-MSvVuGT1XrQ.mp3"
Apr 17 09:04 : player: played "A Space Love Adventure - Thunderchrome-2j4dfl2S3kc.mp3"
Apr 17 09:06 : player: played "Immigrant Song (Remaster)-y8OtzJtp-EM.mp3"
Apr 17 09:36 : player: played "Mega Drive - I Am The Program (Perturbator remix) [The '80s Guy Montage]-5R77sH_ckT4.mp3"
Apr 17 16:40 : exception: No such directory
Apr 17 16:40 : exception: Failed to open '/home/volt/.mpd/playlists/*.m3u': No such file or directory
Apr 17 16:40 : exception: No such playlist
Apr 17 16:40 : player: played "Immigrant Song (Remaster)-y8OtzJtp-EM.mp3"
Apr 17 16:41 : player: played "Mega Drive - I Am The Program (Perturbator remix) [The '80s Guy Montage]-5R77sH_ckT4.mp3"
Apr 17 16:41 : exception: No such directory
Apr 17 16:45 : player: played "A Space Love Adventure - Thunderchrome-2j4dfl2S3kc.mp3"
Apr 17 16:46 : player: played "Brigador OST - 1-08 - It's Our Rules Now-TzLfGnb3MDk.mp3"
Apr 17 16:51 : player: played "Star Wars - Order 66 Sad Music Mix _ I'm So Sorry & Anakin's Betrayal-rzDPk8tqwvQ.mp3"
Apr 17 16:56 : update: added synthwave/3FORCE - Deviant (Synthwave _ Retrowave)-lUg5vLLZvTA.mp3
Apr 17 16:56 : update: added synthwave/A Mega Drive Converter-a0Q7e9Q6DlI.mp3
Apr 17 16:56 : update: added synthwave/A Space Love Adventure - Thunderchrome-2j4dfl2S3kc.mp3
Apr 17 16:56 : update: added synthwave/Absolute Valentine - In The 42nd Street [Full Single]--dZGXdauCq0.mp3
Apr 17 16:56 : update: added synthwave/Aerds - Deadline-DmFjZQZMIVs.mp3
Apr 17 16:56 : update: added synthwave/Alleyways (feat. Dr Disrespect) (Wice Remix)-t1baueyz5yo.mp3
Apr 17 16:56 : update: added synthwave/Bestrack - Stamina-_BB2Jy4ZO8E.mp3
Apr 17 16:56 : update: added synthwave/Brigador OST - 1-04 - March-QQ6ei2vnoe8.mp3
Apr 17 16:56 : update: added synthwave/Brigador OST - 1-08 - It's Our Rules Now-TzLfGnb3MDk.mp3
Apr 17 16:56 : update: added synthwave/Carpenter Brut - 347 Midnight Demons-ts4axsSHlpA.mp3
Apr 17 16:56 : update: added synthwave/Carpenter Brut - Roller Mobster (Dark Synthwave AMV)-khchqRIPN4U.mp3
Apr 17 16:56 : update: added synthwave/Carpenter Brut - Sexkiller on the Loose-YOwSrPzT8qg.mp3
Apr 17 16:56 : update: added synthwave/Carpenter Brut - Turbo Killer-JvdT4wFh0tQ.mp3
Apr 17 16:56 : update: added synthwave/Carpenter Brut - Wake up the President-lLrX7MH1Rtg.mp3
Apr 17 16:56 : update: added synthwave/Cluster Buster - Hypovolemic Shock-uJmU8ATna5E.mp3
Apr 17 16:56 : update: added synthwave/Comin' Home Baby-WBugBEWVnpA.mp3
Apr 17 16:56 : update: added synthwave/d.notive - Streets of Passion-rx-nNeJ3vL4.mp3
Apr 17 16:56 : update: added synthwave/DANCE WITH THE DEAD - Andromeda-q3lpoGABH6A.mp3
Apr 17 16:56 : update: added synthwave/DANCE WITH THE DEAD - Diabolic-YanwyGP0Li4.mp3
Apr 17 16:56 : update: added synthwave/DANCE WITH THE DEAD - Her Ghost-E7VwdyEFGCc.mp3
Apr 17 16:56 : update: added synthwave/Dance With The Dead - Only A Dream (Miami Vice 1984–1990 Tribute)-v61tFqtzxlk.mp3
Apr 17 16:56 : update: added synthwave/DANCE WITH THE DEAD - Riot-W_5unoZTpoQ.mp3
Apr 17 16:56 : update: added synthwave/DANCE WITH THE DEAD - Robeast-nBvViQnjRk4.mp3
Apr 17 16:56 : update: added synthwave/DANCE WITH THE DEAD - Skeletons In The Attic-DpA-QuGHMnI.mp3
Apr 17 16:56 : update: added synthwave/DANCE WITH THE DEAD - The Pitt-SeKwQSRY7bY.mp3
Apr 17 16:56 : update: added synthwave/Daniel Deluxe - Momentum-Dof169D0tdw.mp3
Apr 17 16:56 : update: added synthwave/Das Mörtal - The Killing (Audio)-GjwO4b9vihI.mp3
Apr 17 16:56 : update: added synthwave/Dead By Dawn - From Hell He Came (Synthwave _ Cyberpunk)-dq8O222WVx0.mp3
Apr 17 16:56 : update: added synthwave/DOCTOR VOX - Death [Argofox Release]-zZ81qi90E-Y.mp3
Apr 17 16:56 : update: added synthwave/DOCTOR VOX - Paranoid Empire [Argofox Release]-lzRCsS1h6MI.mp3
Apr 17 16:56 : update: added synthwave/Carpenter Brut - Looking for Tracy Tzu-oe1wA1hAdd0.mp3
Apr 17 16:56 : update: added synthwave/Dance With The Dead - Not Of This Earth-vZaEapPMaYM.mp3
Apr 17 16:56 : update: added synthwave/DONBOR - Against The Law-L5zVtifGxQE.mp3
Apr 17 16:56 : update: added synthwave/Immigrant Song (Remaster)-y8OtzJtp-EM.mp3
Apr 17 16:56 : update: added synthwave/LazerHawk - King of The Streets-eyZQUEMZlCU.mp3
Apr 17 16:56 : update: added synthwave/M.A.D.E.S - Return (Dark Synthwave AMV)-TCPLpykL4Rc.mp3
Apr 17 16:56 : update: added synthwave/Miami Nights 1984 - Ocean Drive (Reupload)-V_B8WLV8F4w.mp3
Apr 17 16:56 : update: added synthwave/PYLOT - The Return (Official Music Video)-Oddp32TODKs.mp3
Apr 17 16:56 : update: added synthwave/SPACEINVADER - Acceleration-KHzuqirnv4w.mp3
Apr 17 16:56 : update: added synthwave/Vector Hold  - Calibrated--X1mLDUacmo.temp.mp3
Apr 17 16:56 : update: added synthwave/DR DISRESPECT OFFICIAL INTRO - ORIGINAL MUSIC BY DEADMAU5 -  VIOLENCE, SPEED & MOMENTUM-_tEIXJDqmFg.mp3
Apr 17 16:56 : update: added synthwave/Dua Lipa - Break My Heart (Official Audio)-q8j-CfbwrxA.mp3
Apr 17 16:56 : update: added synthwave/Dynatron - Dust of the Saturn-1ud5yDjM63I.mp3
Apr 17 16:56 : update: added synthwave/Earmake - Regulus-Lf0cSnUZ5J4.mp3
Apr 17 16:56 : update: added synthwave/F.O.O.L  - Highway [Tasty Release]-kycgNBL52Z4.mp3
Apr 17 16:56 : update: added synthwave/F.O.O.L - The Thief-uZCBEK_I8Jc.mp3
Apr 17 16:56 : update: added synthwave/Flashworx - Futurisma-qcOiJnWniWg.mp3
Apr 17 16:56 : update: added synthwave/Fury Weekend - Struggle With The Dark-WK9EADY_WgA.mp3
Apr 17 16:56 : update: added synthwave/Garth Knight Breakpoint.m4v-opZ1-rUFYMk.mp3
Apr 17 16:56 : update: added synthwave/Hyper - Clockwork-Pt7kmByAPxI.mp3
Apr 17 16:56 : update: added synthwave/Inexedra - Absolution-M7yBJfomFyM.mp3
Apr 17 16:56 : update: added synthwave/Isidor - Children of Cyberpunk (Dark Synthwave _ Cyberpunk)-atV9Rbpfhbc.mp3
Apr 17 16:56 : update: added synthwave/Isidor - Fahrenheit the Crazy (Dark Synthwave _ Cyberpunk _ Retrowave) [AMV]-SCEpfXXwFa8.mp3
Apr 17 16:56 : update: added synthwave/Isidor - Ripley Has A Gun (Cyberpunk Montage) [Synthwave _ Cyberpunk]-Gk45NkHGXXQ.mp3
Apr 17 16:56 : update: added synthwave/John Wick (OST) - Shots Fired-WNXsO6j0n4s.mp3
Apr 17 16:56 : update: added synthwave/Jordan F. - Overdrive-Z2nDKgylYqI.mp3
Apr 17 16:56 : update: added synthwave/Kavinsky - 1986 (HQ)-wKES3IIbTl4.mp3
Apr 17 16:56 : update: added synthwave/Kavinsky - Roadgame (Official Audio)-N8ZAx_OvKpM.mp3
Apr 17 16:56 : update: added synthwave/KING STEPHEN - Street Warriors (HUBRID Remix) [Dark Synthwave _ Cyberpunk]-fx0Q7YFrSug.mp3
Apr 17 16:56 : update: added synthwave/KLOUD - Humans (F.O.O.L Remix)-5n9Yn-iey4Y.mp3
Apr 17 16:56 : update: added synthwave/Lazerhawk - Overdrive-x1NAhlVRaZ4.mp3
Apr 17 16:56 : update: added synthwave/Lazerhawk - Redline--PKV79lug54.mp3
Apr 17 16:56 : update: added synthwave/Lazerhawk - Shoulder Of Orion-EQnd8TEcEM4.mp3
Apr 17 16:56 : update: added synthwave/LAZERPUNK X QUIXOTIC - SPEEDRACER [Unofficial video]-r9P6OyE5HAw.mp3
Apr 17 16:56 : update: added synthwave/LIFELIKE - Heatwave-b8D2is5P6Tw.mp3
Apr 17 16:56 : update: added synthwave/Lifelike - Motion-cJ64kTpPv8U.mp3
Apr 17 16:56 : update: added synthwave/Lifelike - Night Patrol-2iem75nuzok.mp3
Apr 17 16:56 : update: added synthwave/M. Avossa - Miami Days-kx_VD9MpenE.mp3
Apr 17 16:56 : update: added synthwave/M.A.D.E.S - 1984 (AMV) [Dark Synthwave _ Cyberpunk]-HZ5xoRQ2RCI.mp3
Apr 17 16:56 : update: added synthwave/M.A.D.E.S - Miami Life-g-CivKPskfQ.mp3
Apr 17 16:56 : update: added synthwave/M.A.D.E.S. - Mind-Ve-7bP30HyY.mp3
Apr 17 16:56 : update: added synthwave/M.A.D.E.S. - Nightkiller (Wice Remix)-tAvA32kXFro.mp3
Apr 17 16:56 : update: added synthwave/Magic Sword  - Invincible (Waveshaper Remix)-rEDsHCoke3Y.mp3
Apr 17 16:56 : update: added synthwave/Magic Sword - In The Face Of Evil-sV_Cagi25O8.mp3
Apr 17 16:56 : update: added synthwave/Magic Sword - Legend Of The Keeper (F.O.O.L. Remix)-O2qcmzEqlF0.mp3
Apr 17 16:56 : update: added synthwave/Magic Sword - Legend Of The Keeper-JLzYAteddO0.mp3
Apr 17 16:56 : update: added synthwave/MALO - March of Progress-QBCLsnxNd4Y.mp3
Apr 17 16:56 : update: added synthwave/Mega Drive - I Am The Program (Perturbator remix) [The '80s Guy Montage]-5R77sH_ckT4.mp3
Apr 17 16:56 : update: added synthwave/Mega Drive - Maniac-nU0uTq6IhPM.mp3
Apr 17 16:56 : update: added synthwave/Meteor - Death Race (Round 2)-yC6v6sRYM-k.mp3
Apr 17 16:56 : update: added synthwave/Mitch Murder - The Touch (LIFELIKE Remix)-4B2aK5xH1Ns.mp3
Apr 17 16:56 : update: added synthwave/Moe Shop - Lovesick (w_ maisou)-XppT7y3FuLA.mp3
Apr 17 16:56 : update: added synthwave/Neuroc - Jacked In-nzfF2Y6xqYw.mp3
Apr 17 16:56 : update: added synthwave/Night Rider 87 - Among The Stars (Dark Synthwave _ Cyberpunk)-SKK9Cl5ksGI.mp3
Apr 17 16:56 : update: added synthwave/Nightdrive-8ZuitiqVYpY.mp3
Apr 17 16:56 : update: added synthwave/Ono-Sendai-2u4kWge5t1g.mp3
Apr 17 16:56 : update: added synthwave/Paradelous - Power Slam (AMV)-J635mqk769k.mp3
Apr 17 16:56 : update: added synthwave/Phoenix (Instrumental)-zFVRAh6DNok.mp3
Apr 17 16:56 : update: added synthwave/Pontiac At Night - Curfew Violations-U96IXzk_sb0.mp3
Apr 17 16:56 : update: added synthwave/POWERCYAN - Space Rock (PYLOT remix)-Tu5i9mXCn0k.mp3
Apr 17 16:56 : update: added synthwave/Quixotic - Metal Cobra-R3FCrKpQru8.mp3
Apr 17 16:56 : update: added synthwave/RiFF RAFF - Dreamland (Official Music Video)-cXAlhtdkpCY.mp3
Apr 17 16:56 : update: added synthwave/Robert Parker - Arcade Oliver (feat. Waveshaper)-AiCW4SUl74k.mp3
Apr 17 16:56 : update: added synthwave/Robert Parker - Crystal City-yQn2noQ0TGc.mp3
Apr 17 16:56 : update: added synthwave/Robert Parker - Power-qfzjZuGEl6s.mp3
Apr 17 16:56 : update: added synthwave/Scandroid - A Thousand Years (Instrumental)-dW6ZPsIB_f0.mp3
Apr 17 16:56 : update: added synthwave/Scandroid - Monochrome (Sunset Neon Remix)-JhaF_YdzLao.mp3
Apr 17 16:56 : update: added synthwave/Scandroid - Neo-Tokyo (Dance With The Dead Remix) (Instrumental)-OS1I0QxqyhM.mp3
Apr 17 16:56 : update: added synthwave/Scandroid - Thriller (PYLOT Remix) [Instrumental]-fjpOMncCDpI.mp3
Apr 17 16:56 : update: added synthwave/Sferro - Devant-ju0Jb_4nSiI.mp3
Apr 17 16:56 : update: added synthwave/Speed Machine - Confrontation-1cIFkH9HfwM.mp3
Apr 17 16:56 : update: added synthwave/Star Wars - Order 66 Sad Music Mix _ I'm So Sorry & Anakin's Betrayal-rzDPk8tqwvQ.mp3
Apr 17 16:56 : update: added synthwave/Starcadian - Pompey Pirate-X4s1fZh7A28.mp3
Apr 17 16:56 : update: added synthwave/STARFORCE  - Age of Nano-c9cZSLfh7Xw.mp3
Apr 17 16:56 : update: added synthwave/Stilz - Test Pilot Feat The Encounter-37XZWipAcZ8.mp3
Apr 17 16:56 : update: added synthwave/Sung - Neon Artery-dVL0r4BFN88.mp3
Apr 17 16:56 : update: added synthwave/SUPREEMO - EXPANSION (Dark Synthwave _ Cyberpunk)-3ddaOp-r3Zk.mp3
Apr 17 16:56 : update: added synthwave/The Curse-SiwPY8CDqqU.mp3
Apr 17 16:56 : update: added synthwave/Turbo Knight - Miami Turbo Boost 1984 (Synthwave _ Cyberpunk)-0cgGmjsudnA.mp3
Apr 17 16:56 : update: added synthwave/Vector Hold  - Calibrated--X1mLDUacmo.mp3
Apr 17 16:56 : update: added synthwave/Vector Hold - Drifting-KPfKKej4tpk.mp3
Apr 17 16:56 : update: added synthwave/VHS Glitch - Doctor D (New DR Disrespect song 2018) OFFICIAL AUDIO-7UoP3Bw0qiY.mp3
Apr 17 16:56 : update: added synthwave/VHS Glitch - Stellar Pursuit-RMzBkV49Bao.mp3
Apr 17 16:56 : update: added synthwave/Violence Speed Momentum-tvjdungGVFc.mp3
Apr 17 16:56 : update: added synthwave/Virtual Self - Ghost Voices (Shadient Edit)-Yeq-fNiPBeg.mp3
Apr 17 16:56 : update: added synthwave/Waveshaper - Crystal Protocol-r80aUCMqHRE.mp3
Apr 17 16:56 : update: added synthwave/Waveshaper - Future Vision (Official Video)-aw5bSyWFWOA.mp3
Apr 17 16:56 : update: added synthwave/Wice - Interstellar (Visualizer) - _ Magnatron III -4yL8woD0eIs.mp3
Apr 17 16:56 : update: added synthwave/Wice - Phase One-tSBIt-L-6yw.mp3
Apr 17 16:56 : update: added synthwave/Wice - Star Fighter (Official Video) - _ Magnatron 2.0 is OUT NOW -EAYfJckSEN0.mp3
Apr 17 16:56 : update: added synthwave/Wice - Start The War-vDsaVa7AxX0.mp3
Apr 17 16:56 : update: added synthwave/ZHU, partywithray - Came For The Low-0DvNOC_277A.mp3
Apr 17 16:56 : update: added synthwave/[Electro] - Stonebank - The Entity [Monstercat Release]-VHMG0tQ1sq0.mp3
Apr 17 16:56 : update: added synthwave/[Indie Dance] - PYLOT - A Race Against Time [Monstercat Release]-MSvVuGT1XrQ.mp3
Apr 17 16:57 : update: removing synthwave/Star Wars - Order 66 Sad Music Mix _ I'm So Sorry & Anakin's Betrayal-rzDPk8tqwvQ.mp3
Apr 17 16:57 : update: added starWars/Star Wars - Order 66 Sad Music Mix _ I'm So Sorry & Anakin's Betrayal-rzDPk8tqwvQ.mp3
Apr 17 16:59 : player: played "synthwave/[Indie Dance] - PYLOT - A Race Against Time [Monstercat Release]-MSvVuGT1XrQ.mp3"
Apr 17 16:59 : exception: Failed to decode /shadow/music/M.A.D.E.S - 1984 (AMV) [Dark Synthwave _ Cyberpunk]-HZ5xoRQ2RCI.mp3; Failed to open '/shadow/music/M.A.D.E.S - 1984 (AMV) [Dark Synthwave _ Cyberpunk]-HZ5xoRQ2RCI.mp3': No such file or directory
Apr 17 16:59 : player: played "M.A.D.E.S - 1984 (AMV) [Dark Synthwave _ Cyberpunk]-HZ5xoRQ2RCI.mp3"
Apr 17 17:03 : player: played "synthwave/[Indie Dance] - PYLOT - A Race Against Time [Monstercat Release]-MSvVuGT1XrQ.mp3"
Apr 17 17:04 : update: removing synthwave/ZHU, partywithray - Came For The Low-0DvNOC_277A.mp3
Apr 17 17:05 : update: removing synthwave/Immigrant Song (Remaster)-y8OtzJtp-EM.mp3
Apr 17 17:05 : update: removing [Indie Dance] - PYLOT - A Race Against Time [Monstercat Release]-MSvVuGT1XrQ.mp3
Apr 17 17:05 : update: removing Aerds - Deadline-DmFjZQZMIVs.mp3
Apr 17 17:05 : update: removing A Space Love Adventure - Thunderchrome-2j4dfl2S3kc.mp3
Apr 17 17:05 : update: removing Bestrack - Stamina-_BB2Jy4ZO8E.mp3
Apr 17 17:05 : update: removing Brigador OST - 1-04 - March-QQ6ei2vnoe8.mp3
Apr 17 17:05 : update: removing Brigador OST - 1-08 - It's Our Rules Now-TzLfGnb3MDk.mp3
Apr 17 17:05 : update: removing Carpenter Brut - 347 Midnight Demons-ts4axsSHlpA.mp3
Apr 17 17:05 : update: removing Carpenter Brut - Looking for Tracy Tzu-oe1wA1hAdd0.mp3
Apr 17 17:05 : update: removing Carpenter Brut - Roller Mobster (Dark Synthwave AMV)-khchqRIPN4U.mp3
Apr 17 17:05 : update: removing Carpenter Brut - Sexkiller on the Loose-YOwSrPzT8qg.mp3
Apr 17 17:05 : update: removing Carpenter Brut - Turbo Killer-JvdT4wFh0tQ.mp3
Apr 17 17:05 : update: removing Carpenter Brut - Wake up the President-lLrX7MH1Rtg.mp3
Apr 17 17:05 : update: removing d.notive - Streets of Passion-rx-nNeJ3vL4.mp3
Apr 17 17:05 : update: removing DANCE WITH THE DEAD - Andromeda-q3lpoGABH6A.mp3
Apr 17 17:05 : update: removing DANCE WITH THE DEAD - Diabolic-YanwyGP0Li4.mp3
Apr 17 17:05 : update: removing DANCE WITH THE DEAD - Her Ghost-E7VwdyEFGCc.mp3
Apr 17 17:05 : update: removing Dance With The Dead - Only A Dream (Miami Vice 1984–1990 Tribute)-v61tFqtzxlk.mp3
Apr 17 17:05 : update: removing DANCE WITH THE DEAD - Riot-W_5unoZTpoQ.mp3
Apr 17 17:05 : update: removing DANCE WITH THE DEAD - Robeast-nBvViQnjRk4.mp3
Apr 17 17:05 : update: removing DANCE WITH THE DEAD - The Pitt-SeKwQSRY7bY.mp3
Apr 17 17:05 : update: removing Daniel Deluxe - Momentum-Dof169D0tdw.mp3
Apr 17 17:05 : update: removing Dead By Dawn - From Hell He Came (Synthwave _ Cyberpunk)-dq8O222WVx0.mp3
Apr 17 17:05 : update: removing DOCTOR VOX - Death [Argofox Release]-zZ81qi90E-Y.mp3
Apr 17 17:05 : update: removing DOCTOR VOX - Paranoid Empire [Argofox Release]-lzRCsS1h6MI.mp3
Apr 17 17:05 : update: removing DR DISRESPECT OFFICIAL INTRO - ORIGINAL MUSIC BY DEADMAU5 -  VIOLENCE, SPEED & MOMENTUM-_tEIXJDqmFg.mp3
Apr 17 17:05 : update: removing Dynatron - Dust of the Saturn-1ud5yDjM63I.mp3
Apr 17 17:05 : update: removing Earmake - Regulus-Lf0cSnUZ5J4.mp3
Apr 17 17:05 : update: removing F.O.O.L  - Highway [Tasty Release]-kycgNBL52Z4.mp3
Apr 17 17:05 : update: removing F.O.O.L - The Thief-uZCBEK_I8Jc.mp3
Apr 17 17:05 : update: removing Flashworx - Futurisma-qcOiJnWniWg.mp3
Apr 17 17:05 : update: removing Fury Weekend - Struggle With The Dark-WK9EADY_WgA.mp3
Apr 17 17:05 : update: removing Garth Knight Breakpoint.m4v-opZ1-rUFYMk.mp3
Apr 17 17:05 : update: removing Inexedra - Absolution-M7yBJfomFyM.mp3
Apr 17 17:05 : update: removing Isidor - Children of Cyberpunk (Dark Synthwave _ Cyberpunk)-atV9Rbpfhbc.mp3
Apr 17 17:05 : update: removing Isidor - Fahrenheit the Crazy (Dark Synthwave _ Cyberpunk _ Retrowave) [AMV]-SCEpfXXwFa8.mp3
Apr 17 17:05 : update: removing Isidor - Ripley Has A Gun (Cyberpunk Montage) [Synthwave _ Cyberpunk]-Gk45NkHGXXQ.mp3
Apr 17 17:05 : update: removing John Wick (OST) - Shots Fired-WNXsO6j0n4s.mp3
Apr 17 17:05 : update: removing Jordan F. - Overdrive-Z2nDKgylYqI.mp3
Apr 17 17:05 : update: removing Kavinsky - 1986 (HQ)-wKES3IIbTl4.mp3
Apr 17 17:05 : update: removing Kavinsky - Roadgame (Official Audio)-N8ZAx_OvKpM.mp3
Apr 17 17:05 : update: removing KING STEPHEN - Street Warriors (HUBRID Remix) [Dark Synthwave _ Cyberpunk]-fx0Q7YFrSug.mp3
Apr 17 17:05 : update: removing KLOUD - Humans (F.O.O.L Remix)-5n9Yn-iey4Y.mp3
Apr 17 17:05 : update: removing LazerHawk - King of The Streets-eyZQUEMZlCU.mp3
Apr 17 17:05 : update: removing Lazerhawk - Overdrive-x1NAhlVRaZ4.mp3
Apr 17 17:05 : update: removing Lazerhawk - Redline--PKV79lug54.mp3
Apr 17 17:05 : update: removing Lazerhawk - Shoulder Of Orion-EQnd8TEcEM4.mp3
Apr 17 17:05 : update: removing LAZERPUNK X QUIXOTIC - SPEEDRACER [Unofficial video]-r9P6OyE5HAw.mp3
Apr 17 17:05 : update: removing M. Avossa - Miami Days-kx_VD9MpenE.mp3
Apr 17 17:05 : update: removing M.A.D.E.S - Return (Dark Synthwave AMV)-TCPLpykL4Rc.mp3
Apr 17 17:05 : update: removing Magic Sword  - Invincible (Waveshaper Remix)-rEDsHCoke3Y.mp3
Apr 17 17:05 : update: removing Magic Sword - Legend Of The Keeper (F.O.O.L. Remix)-O2qcmzEqlF0.mp3
Apr 17 17:05 : update: removing Magic Sword - Legend Of The Keeper-JLzYAteddO0.mp3
Apr 17 17:05 : update: removing Mega Drive - I Am The Program (Perturbator remix) [The '80s Guy Montage]-5R77sH_ckT4.mp3
Apr 17 17:05 : update: removing Mega Drive - Maniac-nU0uTq6IhPM.mp3
Apr 17 17:05 : update: removing Meteor - Death Race (Round 2)-yC6v6sRYM-k.mp3
Apr 17 17:05 : update: removing Miami Nights 1984 - Ocean Drive (Reupload)-V_B8WLV8F4w.mp3
Apr 17 17:05 : update: removing Mitch Murder - The Touch (LIFELIKE Remix)-4B2aK5xH1Ns.mp3
Apr 17 17:05 : update: removing Neuroc - Jacked In-nzfF2Y6xqYw.mp3
Apr 17 17:05 : update: removing Night Rider 87 - Among The Stars (Dark Synthwave _ Cyberpunk)-SKK9Cl5ksGI.mp3
Apr 17 17:05 : update: removing Paradelous - Power Slam (AMV)-J635mqk769k.mp3
Apr 17 17:05 : update: removing Pontiac At Night - Curfew Violations-U96IXzk_sb0.mp3
Apr 17 17:05 : update: removing POWERCYAN - Space Rock (PYLOT remix)-Tu5i9mXCn0k.mp3
Apr 17 17:05 : update: removing PYLOT - The Return (Official Music Video)-Oddp32TODKs.mp3
Apr 17 17:05 : update: removing Quixotic - Metal Cobra-R3FCrKpQru8.mp3
Apr 17 17:05 : update: removing Robert Parker - Arcade Oliver (feat. Waveshaper)-AiCW4SUl74k.mp3
Apr 17 17:05 : update: removing Robert Parker - Crystal City-yQn2noQ0TGc.mp3
Apr 17 17:05 : update: removing Scandroid - A Thousand Years (Instrumental)-dW6ZPsIB_f0.mp3
Apr 17 17:05 : update: removing Scandroid - Monochrome (Sunset Neon Remix)-JhaF_YdzLao.mp3
Apr 17 17:05 : update: removing Scandroid - Neo-Tokyo (Dance With The Dead Remix) (Instrumental)-OS1I0QxqyhM.mp3
Apr 17 17:05 : update: removing Scandroid - Thriller (PYLOT Remix) [Instrumental]-fjpOMncCDpI.mp3
Apr 17 17:05 : update: removing Sferro - Devant-ju0Jb_4nSiI.mp3
Apr 17 17:05 : update: removing SPACEINVADER - Acceleration-KHzuqirnv4w.mp3
Apr 17 17:05 : update: removing Speed Machine - Confrontation-1cIFkH9HfwM.mp3
Apr 17 17:05 : update: removing Star Wars - Order 66 Sad Music Mix _ I'm So Sorry & Anakin's Betrayal-rzDPk8tqwvQ.mp3
Apr 17 17:05 : update: removing Starcadian - Pompey Pirate-X4s1fZh7A28.mp3
Apr 17 17:05 : update: removing STARFORCE  - Age of Nano-c9cZSLfh7Xw.mp3
Apr 17 17:05 : update: removing Sung - Neon Artery-dVL0r4BFN88.mp3
Apr 17 17:05 : update: removing SUPREEMO - EXPANSION (Dark Synthwave _ Cyberpunk)-3ddaOp-r3Zk.mp3
Apr 17 17:05 : update: removing Turbo Knight - Miami Turbo Boost 1984 (Synthwave _ Cyberpunk)-0cgGmjsudnA.mp3
Apr 17 17:05 : update: removing Vector Hold  - Calibrated--X1mLDUacmo.mp3
Apr 17 17:05 : update: removing Vector Hold  - Calibrated--X1mLDUacmo.temp.mp3
Apr 17 17:05 : update: removing Vector Hold - Drifting-KPfKKej4tpk.mp3
Apr 17 17:05 : update: removing VHS Glitch - Doctor D (New DR Disrespect song 2018) OFFICIAL AUDIO-7UoP3Bw0qiY.mp3
Apr 17 17:05 : update: removing VHS Glitch - Stellar Pursuit-RMzBkV49Bao.mp3
Apr 17 17:05 : update: removing Waveshaper - Crystal Protocol-r80aUCMqHRE.mp3
Apr 17 17:05 : update: removing Waveshaper - Future Vision (Official Video)-aw5bSyWFWOA.mp3
Apr 17 17:05 : update: removing Wice - Interstellar (Visualizer) - _ Magnatron III -4yL8woD0eIs.mp3
Apr 17 17:05 : update: removing Wice - Phase One-tSBIt-L-6yw.mp3
Apr 17 17:05 : update: removing Wice - Star Fighter (Official Video) - _ Magnatron 2.0 is OUT NOW -EAYfJckSEN0.mp3
Apr 17 17:05 : update: removing Wice - Start The War-vDsaVa7AxX0.mp3
Apr 17 17:05 : update: removing Alleyways (feat. Dr Disrespect) (Wice Remix)-t1baueyz5yo.mp3
Apr 17 17:05 : update: removing M.A.D.E.S - 1984 (AMV) [Dark Synthwave _ Cyberpunk]-HZ5xoRQ2RCI.mp3
Apr 17 17:05 : update: removing Robert Parker - Power-qfzjZuGEl6s.mp3
Apr 17 17:05 : update: removing Dua Lipa - Break My Heart (Official Audio)-q8j-CfbwrxA.mp3
Apr 17 17:05 : update: removing Comin' Home Baby-WBugBEWVnpA.mp3
Apr 17 17:05 : update: removing DONBOR - Against The Law-L5zVtifGxQE.mp3
Apr 17 17:05 : update: removing 3FORCE - Deviant (Synthwave _ Retrowave)-lUg5vLLZvTA.mp3
Apr 17 17:05 : update: removing RiFF RAFF - Dreamland (Official Music Video)-cXAlhtdkpCY.mp3
Apr 17 17:05 : update: removing LIFELIKE - Heatwave-b8D2is5P6Tw.mp3
Apr 17 17:05 : update: removing Das Mörtal - The Killing (Audio)-GjwO4b9vihI.mp3
Apr 17 17:05 : update: removing Hyper - Clockwork-Pt7kmByAPxI.mp3
Apr 17 17:05 : update: removing The Curse-SiwPY8CDqqU.mp3
Apr 17 17:05 : update: removing Moe Shop - Lovesick (w_ maisou)-XppT7y3FuLA.mp3
Apr 17 17:05 : update: removing DANCE WITH THE DEAD - Skeletons In The Attic-DpA-QuGHMnI.mp3
Apr 17 17:05 : update: removing A Mega Drive Converter-a0Q7e9Q6DlI.mp3
Apr 17 17:05 : update: removing Lifelike - Motion-cJ64kTpPv8U.mp3
Apr 17 17:05 : update: removing M.A.D.E.S - Miami Life-g-CivKPskfQ.mp3
Apr 17 17:05 : update: removing M.A.D.E.S. - Mind-Ve-7bP30HyY.mp3
Apr 17 17:05 : update: removing Lifelike - Night Patrol-2iem75nuzok.mp3
Apr 17 17:05 : update: removing M.A.D.E.S. - Nightkiller (Wice Remix)-tAvA32kXFro.mp3
Apr 17 17:05 : update: removing MALO - March of Progress-QBCLsnxNd4Y.mp3
Apr 17 17:05 : update: removing Phoenix (Instrumental)-zFVRAh6DNok.mp3
Apr 17 17:05 : update: removing Absolute Valentine - In The 42nd Street [Full Single]--dZGXdauCq0.mp3
Apr 17 17:05 : update: removing Nightdrive-8ZuitiqVYpY.mp3
Apr 17 17:05 : update: removing Dance With The Dead - Not Of This Earth-vZaEapPMaYM.mp3
Apr 17 17:05 : update: removing Stilz - Test Pilot Feat The Encounter-37XZWipAcZ8.mp3
Apr 17 17:05 : update: removing [Electro] - Stonebank - The Entity [Monstercat Release]-VHMG0tQ1sq0.mp3
Apr 17 17:05 : update: removing Cluster Buster - Hypovolemic Shock-uJmU8ATna5E.mp3
Apr 17 17:05 : update: removing Violence Speed Momentum-tvjdungGVFc.mp3
Apr 17 17:05 : update: removing Virtual Self - Ghost Voices (Shadient Edit)-Yeq-fNiPBeg.mp3
Apr 17 17:05 : update: removing Magic Sword - In The Face Of Evil-sV_Cagi25O8.mp3
Apr 17 17:05 : update: removing Ono-Sendai-2u4kWge5t1g.mp3
Apr 17 17:06 : update: added Favorites/Immigrant Song (Remaster)-y8OtzJtp-EM.mp3
Apr 17 17:06 : update: added Favorites/ZHU, partywithray - Came For The Low-0DvNOC_277A.mp3
Apr 17 17:07 : update: removing synthwave/Moe Shop - Lovesick (w_ maisou)-XppT7y3FuLA.mp3
Apr 17 17:07 : update: added Favorites/Moe Shop - Lovesick (w_ maisou)-XppT7y3FuLA.mp3
Apr 17 17:07 : update: removing ZHU, partywithray - Came For The Low-0DvNOC_277A.mp3
Apr 17 17:07 : update: removing Immigrant Song (Remaster)-y8OtzJtp-EM.mp3
Apr 17 17:08 : player: played "synthwave/Carpenter Brut - Wake up the President-lLrX7MH1Rtg.mp3"
Apr 17 17:12 : player: played "synthwave/DANCE WITH THE DEAD - Andromeda-q3lpoGABH6A.mp3"
Apr 17 18:22 : player: played "synthwave/Dance With The Dead - Only A Dream (Miami Vice 1984–1990 Tribute)-v61tFqtzxlk.mp3"
Apr 17 18:24 : player: played "synthwave/Daniel Deluxe - Momentum-Dof169D0tdw.mp3"
Apr 17 19:50 : player: played "synthwave/Daniel Deluxe - Momentum-Dof169D0tdw.mp3"
Apr 17 19:52 : player: played "synthwave/Dead By Dawn - From Hell He Came (Synthwave _ Cyberpunk)-dq8O222WVx0.mp3"
Apr 17 20:00 : player: played "synthwave/DOCTOR VOX - Death [Argofox Release]-zZ81qi90E-Y.mp3"
Apr 17 20:04 : player: played "synthwave/DOCTOR VOX - Paranoid Empire [Argofox Release]-lzRCsS1h6MI.mp3"
Apr 17 20:09 : player: played "synthwave/DR DISRESPECT OFFICIAL INTRO - ORIGINAL MUSIC BY DEADMAU5 -  VIOLENCE, SPEED & MOMENTUM-_tEIXJDqmFg.mp3"
Apr 17 20:14 : player: played "synthwave/Dynatron - Dust of the Saturn-1ud5yDjM63I.mp3"
Apr 17 20:20 : player: played "synthwave/Earmake - Regulus-Lf0cSnUZ5J4.mp3"
Apr 17 20:25 : player: played "synthwave/F.O.O.L  - Highway [Tasty Release]-kycgNBL52Z4.mp3"
Apr 17 20:35 : player: played "synthwave/Flashworx - Futurisma-qcOiJnWniWg.mp3"
Apr 17 20:41 : player: played "synthwave/Fury Weekend - Struggle With The Dark-WK9EADY_WgA.mp3"
Apr 17 20:46 : player: played "synthwave/Garth Knight Breakpoint.m4v-opZ1-rUFYMk.mp3"
Apr 17 20:53 : player: played "synthwave/Inexedra - Absolution-M7yBJfomFyM.mp3"
Apr 17 21:03 : player: played "synthwave/Isidor - Children of Cyberpunk (Dark Synthwave _ Cyberpunk)-atV9Rbpfhbc.mp3"
Apr 18 09:26 : update: added Favorites/Often (Kygo Remix)-qsDfFE2i0Ws.mp3
Apr 18 09:30 : player: played "Favorites/Often (Kygo Remix)-qsDfFE2i0Ws.mp3"
Apr 18 09:50 : player: played "synthwave/F.O.O.L - The Thief-uZCBEK_I8Jc.mp3"
Apr 18 10:00 : player: played "synthwave/Fury Weekend - Struggle With The Dark-WK9EADY_WgA.mp3"
Apr 18 10:25 : player: played "synthwave/Garth Knight Breakpoint.m4v-opZ1-rUFYMk.mp3"
Apr 18 10:32 : player: played "synthwave/Inexedra - Absolution-M7yBJfomFyM.mp3"
Apr 18 10:36 : player: played "synthwave/Isidor - Children of Cyberpunk (Dark Synthwave _ Cyberpunk)-atV9Rbpfhbc.mp3"
Apr 18 10:40 : player: played "synthwave/Isidor - Fahrenheit the Crazy (Dark Synthwave _ Cyberpunk _ Retrowave) [AMV]-SCEpfXXwFa8.mp3"
Apr 18 10:42 : player: played "synthwave/Isidor - Ripley Has A Gun (Cyberpunk Montage) [Synthwave _ Cyberpunk]-Gk45NkHGXXQ.mp3"
Apr 18 16:24 : player: played "synthwave/Isidor - Ripley Has A Gun (Cyberpunk Montage) [Synthwave _ Cyberpunk]-Gk45NkHGXXQ.mp3"
Apr 18 16:27 : player: played "synthwave/John Wick (OST) - Shots Fired-WNXsO6j0n4s.mp3"
Apr 18 16:32 : player: played "synthwave/Jordan F. - Overdrive-Z2nDKgylYqI.mp3"
Apr 18 16:36 : player: played "synthwave/Kavinsky - 1986 (HQ)-wKES3IIbTl4.mp3"
Apr 18 16:39 : player: played "synthwave/KING STEPHEN - Street Warriors (HUBRID Remix) [Dark Synthwave _ Cyberpunk]-fx0Q7YFrSug.mp3"
Apr 18 16:43 : player: played "synthwave/KLOUD - Humans (F.O.O.L Remix)-5n9Yn-iey4Y.mp3"
Apr 18 19:12 : update: added Favorites/Bear McCreary - Memories of Mother (Audio)-rg8y4npCdY8.mp3
Apr 18 19:16 : player: played "Favorites/Bear McCreary - Memories of Mother (Audio)-rg8y4npCdY8.mp3"
Apr 18 19:35 : player: played "synthwave/Pontiac At Night - Curfew Violations-U96IXzk_sb0.mp3"
Apr 18 19:39 : player: played "synthwave/POWERCYAN - Space Rock (PYLOT remix)-Tu5i9mXCn0k.mp3"
Apr 18 19:43 : player: played "synthwave/PYLOT - The Return (Official Music Video)-Oddp32TODKs.mp3"
Apr 18 19:43 : player: played "synthwave/Quixotic - Metal Cobra-R3FCrKpQru8.mp3"
Apr 20 17:56 : player: played "Favorites/ZHU, partywithray - Came For The Low-0DvNOC_277A.mp3"
Apr 20 18:22 : player: played "Favorites/Immigrant Song (Remaster)-y8OtzJtp-EM.mp3"
Apr 20 21:01 : player: played "synthwave/[Indie Dance] - PYLOT - A Race Against Time [Monstercat Release]-MSvVuGT1XrQ.mp3"
Apr 21 12:01 : player: played "synthwave/Lazerhawk - Overdrive-x1NAhlVRaZ4.mp3"
Apr 21 12:05 : player: played "synthwave/Lazerhawk - Redline--PKV79lug54.mp3"
Apr 21 13:24 : player: played "synthwave/Lazerhawk - Shoulder Of Orion-EQnd8TEcEM4.mp3"
Apr 21 13:29 : player: played "synthwave/LAZERPUNK X QUIXOTIC - SPEEDRACER [Unofficial video]-r9P6OyE5HAw.mp3"
Apr 21 13:35 : player: played "synthwave/M.A.D.E.S - Return (Dark Synthwave AMV)-TCPLpykL4Rc.mp3"
Apr 21 18:32 : player: played "synthwave/Magic Sword  - Invincible (Waveshaper Remix)-rEDsHCoke3Y.mp3"
Apr 21 18:35 : player: played "synthwave/Magic Sword - Legend Of The Keeper (F.O.O.L. Remix)-O2qcmzEqlF0.mp3"
Apr 21 18:41 : player: played "synthwave/Magic Sword - Legend Of The Keeper-JLzYAteddO0.mp3"
Apr 21 18:46 : update: added /1. God of War _ God of War OST-y9hh91-2iaA.m4a
Apr 21 18:46 : update: added /1. God of War _ God of War OST-y9hh91-2iaA.mp3
Apr 21 18:46 : update: removing 1. God of War _ God of War OST-y9hh91-2iaA.m4a
Apr 21 18:46 : update: updating /1. God of War _ God of War OST-y9hh91-2iaA.mp3
Apr 21 18:47 : player: played "synthwave/Mega Drive - I Am The Program (Perturbator remix) [The '80s Guy Montage]-5R77sH_ckT4.mp3"
Apr 21 18:47 : update: added Favorites/1. God of War _ God of War OST-y9hh91-2iaA.mp3
Apr 21 18:48 : update: removing 1. God of War _ God of War OST-y9hh91-2iaA.mp3
Apr 21 18:49 : update: added Favorites/Game of Thrones S8 Official Soundtrack _ The Last of the Starks - Ramin Djawadi _ WaterTower-Izj3IsXi6Gs.mp3
Apr 21 18:49 : update: added Favorites/Game of Thrones S8 Official Soundtrack _ The Last of the Starks - Ramin Djawadi _ WaterTower-Izj3IsXi6Gs.webm
Apr 21 18:49 : update: removing Favorites/Game of Thrones S8 Official Soundtrack _ The Last of the Starks - Ramin Djawadi _ WaterTower-Izj3IsXi6Gs.webm
Apr 21 18:49 : update: updating Favorites/Game of Thrones S8 Official Soundtrack _ The Last of the Starks - Ramin Djawadi _ WaterTower-Izj3IsXi6Gs.mp3
Apr 21 18:50 : update: added Favorites/Ashes-f9V8sDa04Mc.mp3
Apr 21 18:50 : update: added Favorites/Ashes-f9V8sDa04Mc.webm
Apr 21 18:50 : update: removing Favorites/Ashes-f9V8sDa04Mc.webm
Apr 21 18:50 : update: updating Favorites/Ashes-f9V8sDa04Mc.mp3
Apr 21 18:54 : update: updating Favorites/Ashes-f9V8sDa04Mc.mp3
Apr 21 18:54 : update: added Favorites/Ashes-f9V8sDa04Mc.webm
Apr 21 18:54 : update: removing Favorites/Ashes-f9V8sDa04Mc.webm
Apr 21 18:54 : update: updating Favorites/Ashes-f9V8sDa04Mc.mp3
Apr 21 19:00 : player: played "Favorites/Game of Thrones S8 Official Soundtrack _ The Last of the Starks - Ramin Djawadi _ WaterTower-Izj3IsXi6Gs.mp3"
Apr 21 19:00 : update: added Favorites/Felix Jaehn - Ain't Nobody (Loves Me Better) (Official Video) ft. Jasmine Thompson-5j1RCys4R0g.mp3
Apr 21 19:00 : update: added Favorites/Felix Jaehn - Ain't Nobody (Loves Me Better) (Official Video) ft. Jasmine Thompson-5j1RCys4R0g.webm
Apr 21 19:00 : update: removing Favorites/Felix Jaehn - Ain't Nobody (Loves Me Better) (Official Video) ft. Jasmine Thompson-5j1RCys4R0g.webm
Apr 21 19:00 : update: updating Favorites/Felix Jaehn - Ain't Nobody (Loves Me Better) (Official Video) ft. Jasmine Thompson-5j1RCys4R0g.mp3
Apr 21 19:01 : update: added Favorites/Michael Jackson-Beat it (Lyrics)-T2PAkPp0_bY.m4a
Apr 21 19:01 : update: added Favorites/Michael Jackson-Beat it (Lyrics)-T2PAkPp0_bY.mp3
Apr 21 19:01 : update: removing Favorites/Michael Jackson-Beat it (Lyrics)-T2PAkPp0_bY.m4a
Apr 21 19:01 : update: updating Favorites/Michael Jackson-Beat it (Lyrics)-T2PAkPp0_bY.mp3
Apr 21 19:03 : update: added Favorites/Dua Lipa - Break My Heart (Lyrics)-Y6feSJsCxIw.mp3
Apr 21 19:03 : update: added Favorites/Dua Lipa - Break My Heart (Lyrics)-Y6feSJsCxIw.webm
Apr 21 19:03 : update: removing Favorites/Dua Lipa - Break My Heart (Lyrics)-Y6feSJsCxIw.webm
Apr 21 19:03 : update: updating Favorites/Dua Lipa - Break My Heart (Lyrics)-Y6feSJsCxIw.mp3
Apr 21 19:04 : update: added Favorites/Raye & Rudimental - Regardless (Official Audio)-gCuRPo8mh70.mp3
Apr 21 19:04 : update: added Favorites/Raye & Rudimental - Regardless (Official Audio)-gCuRPo8mh70.webm
Apr 21 19:04 : player: played "Favorites/1. God of War _ God of War OST-y9hh91-2iaA.mp3"
Apr 21 19:04 : update: removing Favorites/Raye & Rudimental - Regardless (Official Audio)-gCuRPo8mh70.webm
Apr 21 19:04 : update: updating Favorites/Raye & Rudimental - Regardless (Official Audio)-gCuRPo8mh70.mp3
Apr 21 19:14 : player: played "Favorites/Dua Lipa - Break My Heart (Lyrics)-Y6feSJsCxIw.mp3"
Apr 21 19:18 : player: played "Favorites/Raye & Rudimental - Regardless (Official Audio)-gCuRPo8mh70.mp3"
Apr 21 19:21 : player: played "Favorites/Felix Jaehn - Ain't Nobody (Loves Me Better) (Official Video) ft. Jasmine Thompson-5j1RCys4R0g.mp3"
Apr 21 19:26 : player: played "Favorites/Michael Jackson-Beat it (Lyrics)-T2PAkPp0_bY.mp3"
Apr 21 19:36 : player: played "Favorites/Ashes-f9V8sDa04Mc.mp3"
Apr 21 22:07 : player: played "Favorites/Often (Kygo Remix)-qsDfFE2i0Ws.mp3"
Apr 21 22:13 : player: played "starWars/Star Wars - Order 66 Sad Music Mix _ I'm So Sorry & Anakin's Betrayal-rzDPk8tqwvQ.mp3"
Apr 21 22:16 : player: played "Favorites/Moe Shop - Lovesick (w_ maisou)-XppT7y3FuLA.mp3"
Apr 21 23:18 : exception: Not playing
Apr 21 23:18 : player: played "Favorites/Game of Thrones S8 Official Soundtrack _ The Last of the Starks - Ramin Djawadi _ WaterTower-Izj3IsXi6Gs.mp3"
Apr 21 23:30 : player: played "Favorites/Game of Thrones S8 Official Soundtrack _ The Last of the Starks - Ramin Djawadi _ WaterTower-Izj3IsXi6Gs.mp3"
Apr 21 23:47 : player: played "Favorites/Michael Jackson-Beat it (Lyrics)-T2PAkPp0_bY.mp3"
Apr 22 09:01 : player: played "starWars/Star Wars - Order 66 Sad Music Mix _ I'm So Sorry & Anakin's Betrayal-rzDPk8tqwvQ.mp3"
Apr 22 13:22 : player: played "Favorites/Moe Shop - Lovesick (w_ maisou)-XppT7y3FuLA.mp3"
Apr 22 16:02 : update: added starWars/Attack on Titan Season 4 Episode 7 OST - Levi & Devils of Paradis vs Marley Battle Theme-AB_VcplQEzU.mp3
Apr 22 16:06 : player: played "starWars/Attack on Titan Season 4 Episode 7 OST - Levi & Devils of Paradis vs Marley Battle Theme-AB_VcplQEzU.mp3"
Apr 22 16:06 : exception: Not playing
Apr 22 16:06 : exception: Not playing
Apr 22 16:06 : exception: Not playing
Apr 22 16:06 : exception: Not playing
Apr 22 16:06 : exception: Not playing
Apr 22 16:06 : exception: Not playing
Apr 22 16:07 : exception: Not playing
Apr 22 16:07 : exception: Not playing
Apr 22 16:07 : exception: Not playing
Apr 22 16:07 : exception: Not playing
Apr 22 16:07 : exception: Not playing
Apr 22 16:07 : exception: Not playing
Apr 22 16:07 : exception: Not playing
Apr 22 16:07 : exception: Not playing
Apr 22 16:07 : exception: Not playing
Apr 22 16:20 : player: played "Favorites/Game of Thrones S8 Official Soundtrack _ The Last of the Starks - Ramin Djawadi _ WaterTower-Izj3IsXi6Gs.mp3"
Apr 22 16:23 : player: played "Favorites/Raye & Rudimental - Regardless (Official Audio)-gCuRPo8mh70.mp3"
Apr 22 16:26 : player: played "Favorites/Felix Jaehn - Ain't Nobody (Loves Me Better) (Official Video) ft. Jasmine Thompson-5j1RCys4R0g.mp3"
Apr 22 16:31 : player: played "Favorites/Michael Jackson-Beat it (Lyrics)-T2PAkPp0_bY.mp3"
Apr 22 17:26 : update: added /Apex Legends - Main Theme-Xq0joZ24D9Y.m4a
Apr 22 17:26 : update: added /Apex Legends - Main Theme-Xq0joZ24D9Y.mp3
Apr 22 17:26 : update: removing Apex Legends - Main Theme-Xq0joZ24D9Y.m4a
Apr 22 17:26 : update: updating /Apex Legends - Main Theme-Xq0joZ24D9Y.mp3
Apr 22 17:26 : update: added starWars/Apex Legends - Main Theme-Xq0joZ24D9Y.mp3
Apr 22 17:27 : update: removing Apex Legends - Main Theme-Xq0joZ24D9Y.mp3
Apr 22 17:29 : player: played "starWars/Apex Legends - Main Theme-Xq0joZ24D9Y.mp3"
Apr 22 17:32 : player: played "starWars/Apex Legends - Main Theme-Xq0joZ24D9Y.mp3"
Apr 22 17:36 : player: played "Favorites/Raye & Rudimental - Regardless (Official Audio)-gCuRPo8mh70.mp3"
Apr 22 17:39 : player: played "Favorites/Felix Jaehn - Ain't Nobody (Loves Me Better) (Official Video) ft. Jasmine Thompson-5j1RCys4R0g.mp3"
Apr 22 17:46 : player: played "Favorites/ZHU, partywithray - Came For The Low-0DvNOC_277A.mp3"
Apr 22 18:22 : player: played "starWars/Apex Legends - Main Theme-Xq0joZ24D9Y.mp3"
Apr 22 18:22 : player: played "starWars/Apex Legends - Main Theme-Xq0joZ24D9Y.mp3"
Apr 22 18:27 : player: played "starWars/Apex Legends - Main Theme-Xq0joZ24D9Y.mp3"
Apr 22 18:30 : player: played "starWars/Apex Legends - Main Theme-Xq0joZ24D9Y.mp3"
Apr 22 18:32 : player: played "starWars/Apex Legends - Main Theme-Xq0joZ24D9Y.mp3"
Apr 22 22:28 : player: played "starWars/Apex Legends - Main Theme-Xq0joZ24D9Y.mp3"
Apr 22 22:30 : player: played "starWars/Apex Legends - Main Theme-Xq0joZ24D9Y.mp3"
Apr 22 22:33 : player: played "starWars/Apex Legends - Main Theme-Xq0joZ24D9Y.mp3"
Apr 22 22:36 : player: played "starWars/Apex Legends - Main Theme-Xq0joZ24D9Y.mp3"
Apr 22 22:38 : player: played "starWars/Apex Legends - Main Theme-Xq0joZ24D9Y.mp3"
Apr 22 22:41 : player: played "starWars/Apex Legends - Main Theme-Xq0joZ24D9Y.mp3"
Apr 22 22:45 : player: played "starWars/Attack on Titan Season 4 Episode 7 OST - Levi & Devils of Paradis vs Marley Battle Theme-AB_VcplQEzU.mp3"
Apr 22 22:48 : player: played "starWars/Attack on Titan Season 4 Episode 7 OST - Levi & Devils of Paradis vs Marley Battle Theme-AB_VcplQEzU.mp3"
Apr 22 22:52 : player: played "starWars/Attack on Titan Season 4 Episode 7 OST - Levi & Devils of Paradis vs Marley Battle Theme-AB_VcplQEzU.mp3"
Apr 22 22:57 : player: played "starWars/Star Wars - Order 66 Sad Music Mix _ I'm So Sorry & Anakin's Betrayal-rzDPk8tqwvQ.mp3"
Apr 22 23:12 : player: played "starWars/Star Wars - Order 66 Sad Music Mix _ I'm So Sorry & Anakin's Betrayal-rzDPk8tqwvQ.mp3"
Apr 22 23:17 : player: played "starWars/Star Wars - Order 66 Sad Music Mix _ I'm So Sorry & Anakin's Betrayal-rzDPk8tqwvQ.mp3"
Apr 22 23:21 : player: played "Favorites/Raye & Rudimental - Regardless (Official Audio)-gCuRPo8mh70.mp3"
Apr 22 23:24 : player: played "Favorites/Raye & Rudimental - Regardless (Official Audio)-gCuRPo8mh70.mp3"
Apr 22 23:27 : player: played "Favorites/Raye & Rudimental - Regardless (Official Audio)-gCuRPo8mh70.mp3"
Apr 22 23:31 : player: played "Favorites/Raye & Rudimental - Regardless (Official Audio)-gCuRPo8mh70.mp3"
Apr 22 23:34 : player: played "Favorites/Raye & Rudimental - Regardless (Official Audio)-gCuRPo8mh70.mp3"
Apr 22 23:37 : player: played "Favorites/Raye & Rudimental - Regardless (Official Audio)-gCuRPo8mh70.mp3"
Apr 22 23:44 : player: played "Favorites/Dua Lipa - Break My Heart (Lyrics)-Y6feSJsCxIw.mp3"
Apr 22 23:49 : player: played "Favorites/Dua Lipa - Break My Heart (Lyrics)-Y6feSJsCxIw.mp3"
Apr 23 21:16 : player: played "starWars/Apex Legends - Main Theme-Xq0joZ24D9Y.mp3"
Apr 23 21:18 : player: played "starWars/Apex Legends - Main Theme-Xq0joZ24D9Y.mp3"
Apr 23 21:21 : player: played "starWars/Apex Legends - Main Theme-Xq0joZ24D9Y.mp3"
Apr 23 21:24 : player: played "starWars/Apex Legends - Main Theme-Xq0joZ24D9Y.mp3"
Apr 23 21:26 : player: played "starWars/Apex Legends - Main Theme-Xq0joZ24D9Y.mp3"
Apr 23 21:29 : player: played "starWars/Apex Legends - Main Theme-Xq0joZ24D9Y.mp3"
Apr 23 21:32 : player: played "starWars/Apex Legends - Main Theme-Xq0joZ24D9Y.mp3"
Apr 23 21:34 : player: played "starWars/Apex Legends - Main Theme-Xq0joZ24D9Y.mp3"
Apr 23 21:38 : player: played "Favorites/Raye & Rudimental - Regardless (Official Audio)-gCuRPo8mh70.mp3"
Apr 23 21:42 : player: played "Favorites/Raye & Rudimental - Regardless (Official Audio)-gCuRPo8mh70.mp3"
Apr 23 21:45 : player: played "Favorites/Raye & Rudimental - Regardless (Official Audio)-gCuRPo8mh70.mp3"
Apr 23 21:48 : player: played "Favorites/Raye & Rudimental - Regardless (Official Audio)-gCuRPo8mh70.mp3"
Apr 23 21:52 : player: played "Favorites/Raye & Rudimental - Regardless (Official Audio)-gCuRPo8mh70.mp3"
Apr 23 21:55 : player: played "Favorites/Raye & Rudimental - Regardless (Official Audio)-gCuRPo8mh70.mp3"
Apr 23 21:58 : player: played "Favorites/Raye & Rudimental - Regardless (Official Audio)-gCuRPo8mh70.mp3"
Apr 23 22:01 : player: played "Favorites/Raye & Rudimental - Regardless (Official Audio)-gCuRPo8mh70.mp3"
Apr 23 22:05 : player: played "Favorites/Raye & Rudimental - Regardless (Official Audio)-gCuRPo8mh70.mp3"
Apr 23 22:08 : player: played "Favorites/Raye & Rudimental - Regardless (Official Audio)-gCuRPo8mh70.mp3"
Apr 23 22:11 : player: played "Favorites/Raye & Rudimental - Regardless (Official Audio)-gCuRPo8mh70.mp3"
Apr 23 22:14 : player: played "Favorites/Raye & Rudimental - Regardless (Official Audio)-gCuRPo8mh70.mp3"
Apr 24 09:44 : player: played "starWars/Apex Legends - Main Theme-Xq0joZ24D9Y.mp3"
Apr 24 09:51 : player: played "starWars/Attack on Titan Season 4 Episode 7 OST - Levi & Devils of Paradis vs Marley Battle Theme-AB_VcplQEzU.mp3"
Apr 24 09:54 : player: played "starWars/Attack on Titan Season 4 Episode 7 OST - Levi & Devils of Paradis vs Marley Battle Theme-AB_VcplQEzU.mp3"
Apr 24 09:58 : player: played "starWars/Attack on Titan Season 4 Episode 7 OST - Levi & Devils of Paradis vs Marley Battle Theme-AB_VcplQEzU.mp3"
Apr 24 10:01 : player: played "starWars/Attack on Titan Season 4 Episode 7 OST - Levi & Devils of Paradis vs Marley Battle Theme-AB_VcplQEzU.mp3"
Apr 24 10:05 : player: played "starWars/Attack on Titan Season 4 Episode 7 OST - Levi & Devils of Paradis vs Marley Battle Theme-AB_VcplQEzU.mp3"
Apr 24 10:08 : player: played "starWars/Attack on Titan Season 4 Episode 7 OST - Levi & Devils of Paradis vs Marley Battle Theme-AB_VcplQEzU.mp3"
Apr 24 10:12 : player: played "starWars/Attack on Titan Season 4 Episode 7 OST - Levi & Devils of Paradis vs Marley Battle Theme-AB_VcplQEzU.mp3"
Apr 24 10:15 : player: played "starWars/Attack on Titan Season 4 Episode 7 OST - Levi & Devils of Paradis vs Marley Battle Theme-AB_VcplQEzU.mp3"
Apr 24 10:19 : player: played "starWars/Attack on Titan Season 4 Episode 7 OST - Levi & Devils of Paradis vs Marley Battle Theme-AB_VcplQEzU.mp3"
Apr 24 10:22 : player: played "starWars/Attack on Titan Season 4 Episode 7 OST - Levi & Devils of Paradis vs Marley Battle Theme-AB_VcplQEzU.mp3"
Apr 24 10:26 : player: played "starWars/Attack on Titan Season 4 Episode 7 OST - Levi & Devils of Paradis vs Marley Battle Theme-AB_VcplQEzU.mp3"
Apr 24 10:29 : player: played "starWars/Attack on Titan Season 4 Episode 7 OST - Levi & Devils of Paradis vs Marley Battle Theme-AB_VcplQEzU.mp3"
Apr 24 10:33 : player: played "starWars/Attack on Titan Season 4 Episode 7 OST - Levi & Devils of Paradis vs Marley Battle Theme-AB_VcplQEzU.mp3"
Apr 24 10:36 : player: played "starWars/Attack on Titan Season 4 Episode 7 OST - Levi & Devils of Paradis vs Marley Battle Theme-AB_VcplQEzU.mp3"
Apr 24 10:40 : player: played "starWars/Attack on Titan Season 4 Episode 7 OST - Levi & Devils of Paradis vs Marley Battle Theme-AB_VcplQEzU.mp3"
Apr 24 10:43 : player: played "starWars/Attack on Titan Season 4 Episode 7 OST - Levi & Devils of Paradis vs Marley Battle Theme-AB_VcplQEzU.mp3"
Apr 24 10:49 : player: played "starWars/Attack on Titan Season 4 Episode 7 OST - Levi & Devils of Paradis vs Marley Battle Theme-AB_VcplQEzU.mp3"
Apr 24 15:35 : player: played "starWars/Attack on Titan Season 4 Episode 7 OST - Levi & Devils of Paradis vs Marley Battle Theme-AB_VcplQEzU.mp3"
Apr 24 15:43 : player: played "synthwave/Wice - Phase One-tSBIt-L-6yw.mp3"
Apr 24 15:46 : player: played "synthwave/Wice - Star Fighter (Official Video) - _ Magnatron 2.0 is OUT NOW -EAYfJckSEN0.mp3"
Apr 24 15:50 : player: played "synthwave/Wice - Start The War-vDsaVa7AxX0.mp3"
Apr 24 16:19 : player: played "synthwave/Alleyways (feat. Dr Disrespect) (Wice Remix)-t1baueyz5yo.mp3"
Apr 24 16:24 : player: played "synthwave/Robert Parker - Power-qfzjZuGEl6s.mp3"
Apr 24 16:32 : player: played "synthwave/DONBOR - Against The Law-L5zVtifGxQE.mp3"
Apr 24 16:37 : player: played "synthwave/3FORCE - Deviant (Synthwave _ Retrowave)-lUg5vLLZvTA.mp3"
Apr 24 16:41 : player: played "synthwave/RiFF RAFF - Dreamland (Official Music Video)-cXAlhtdkpCY.mp3"
Apr 24 16:47 : player: played "synthwave/Das Mörtal - The Killing (Audio)-GjwO4b9vihI.mp3"
Apr 24 16:52 : player: played "synthwave/Hyper - Clockwork-Pt7kmByAPxI.mp3"
Apr 24 16:57 : player: played "synthwave/The Curse-SiwPY8CDqqU.mp3"
Apr 24 17:02 : player: played "synthwave/DANCE WITH THE DEAD - Skeletons In The Attic-DpA-QuGHMnI.mp3"
Apr 24 17:08 : player: played "synthwave/A Mega Drive Converter-a0Q7e9Q6DlI.mp3"
Apr 24 17:33 : player: played "synthwave/M.A.D.E.S - Miami Life-g-CivKPskfQ.mp3"
Apr 24 17:38 : player: played "synthwave/M.A.D.E.S. - Mind-Ve-7bP30HyY.mp3"
Apr 24 17:43 : player: played "starWars/Apex Legends - Main Theme-Xq0joZ24D9Y.mp3"
Apr 24 17:46 : player: played "starWars/Apex Legends - Main Theme-Xq0joZ24D9Y.mp3"
Apr 24 17:48 : player: played "starWars/Apex Legends - Main Theme-Xq0joZ24D9Y.mp3"
Apr 24 17:51 : player: played "starWars/Apex Legends - Main Theme-Xq0joZ24D9Y.mp3"
Apr 24 18:01 : player: played "synthwave/M.A.D.E.S. - Nightkiller (Wice Remix)-tAvA32kXFro.mp3"
Apr 24 18:08 : player: played "synthwave/MALO - March of Progress-QBCLsnxNd4Y.mp3"
Apr 24 18:13 : player: played "synthwave/Phoenix (Instrumental)-zFVRAh6DNok.mp3"
Apr 24 18:24 : player: played "synthwave/Absolute Valentine - In The 42nd Street [Full Single]--dZGXdauCq0.mp3"
Apr 24 18:28 : player: played "synthwave/Nightdrive-8ZuitiqVYpY.mp3"
Apr 24 18:32 : player: played "synthwave/Dance With The Dead - Not Of This Earth-vZaEapPMaYM.mp3"
Apr 24 18:36 : player: played "synthwave/Stilz - Test Pilot Feat The Encounter-37XZWipAcZ8.mp3"
Apr 24 18:41 : player: played "synthwave/[Electro] - Stonebank - The Entity [Monstercat Release]-VHMG0tQ1sq0.mp3"
Apr 24 18:49 : player: played "synthwave/Violence Speed Momentum-tvjdungGVFc.mp3"
Apr 24 21:00 : player: played "synthwave/Virtual Self - Ghost Voices (Shadient Edit)-Yeq-fNiPBeg.mp3"
Apr 25 02:11 : player: played "starWars/Apex Legends - Main Theme-Xq0joZ24D9Y.mp3"
Apr 25 02:13 : player: played "starWars/Apex Legends - Main Theme-Xq0joZ24D9Y.mp3"
Apr 25 02:16 : player: played "starWars/Apex Legends - Main Theme-Xq0joZ24D9Y.mp3"
Apr 25 02:19 : player: played "starWars/Apex Legends - Main Theme-Xq0joZ24D9Y.mp3"
Apr 25 02:21 : player: played "starWars/Apex Legends - Main Theme-Xq0joZ24D9Y.mp3"
Apr 25 02:24 : player: played "starWars/Apex Legends - Main Theme-Xq0joZ24D9Y.mp3"
Apr 25 10:27 : player: played "starWars/Apex Legends - Main Theme-Xq0joZ24D9Y.mp3"
Apr 25 10:52 : player: played "synthwave/Ono-Sendai-2u4kWge5t1g.mp3"
Apr 25 10:56 : player: played "synthwave/DANCE WITH THE DEAD - Skeletons In The Attic-DpA-QuGHMnI.mp3"
Apr 25 11:56 : player: played "synthwave/DANCE WITH THE DEAD - Skeletons In The Attic-DpA-QuGHMnI.mp3"
Apr 27 12:25 : update: added starWars/Naruto Soundtrack- Sadness and Sorrow (FULL VERSION)-wEWF2xh5E8s.mp3
Apr 27 12:33 : player: played "starWars/Naruto Soundtrack- Sadness and Sorrow (FULL VERSION)-wEWF2xh5E8s.mp3"
Apr 27 12:44 : player: played "synthwave/DOCTOR VOX - Paranoid Empire [Argofox Release]-lzRCsS1h6MI.mp3"
Apr 27 12:45 : player: played "synthwave/Phoenix (Instrumental)-zFVRAh6DNok.mp3"
Apr 27 13:14 : player: played "Favorites/Raye & Rudimental - Regardless (Official Audio)-gCuRPo8mh70.mp3"
Apr 28 20:02 : player: played "starWars/Apex Legends - Main Theme-Xq0joZ24D9Y.mp3"
Apr 28 20:06 : player: played "starWars/Attack on Titan Season 4 Episode 7 OST - Levi & Devils of Paradis vs Marley Battle Theme-AB_VcplQEzU.mp3"
Apr 28 20:13 : player: played "starWars/Apex Legends - Main Theme-Xq0joZ24D9Y.mp3"
Apr 28 20:17 : player: played "starWars/Attack on Titan Season 4 Episode 7 OST - Levi & Devils of Paradis vs Marley Battle Theme-AB_VcplQEzU.mp3"
Apr 28 20:24 : player: played "Favorites/Raye & Rudimental - Regardless (Official Audio)-gCuRPo8mh70.mp3"
Apr 28 20:27 : player: played "starWars/Apex Legends - Main Theme-Xq0joZ24D9Y.mp3"
Apr 28 20:29 : player: played "starWars/Attack on Titan Season 4 Episode 7 OST - Levi & Devils of Paradis vs Marley Battle Theme-AB_VcplQEzU.mp3"
Apr 28 23:56 : player: played "starWars/Naruto Soundtrack- Sadness and Sorrow (FULL VERSION)-wEWF2xh5E8s.mp3"
Apr 29 00:01 : update: removing starWars/Naruto Soundtrack- Sadness and Sorrow (FULL VERSION)-wEWF2xh5E8s.mp3
Apr 29 00:02 : update: added starWars/Naruto - Sadness and Sorrow (Piano Version)-Kk60F8a7-Jw.mp3
Apr 29 00:02 : update: added starWars/Naruto - Sadness and Sorrow (Piano Version)-Kk60F8a7-Jw.webm
Apr 29 00:02 : update: removing starWars/Naruto - Sadness and Sorrow (Piano Version)-Kk60F8a7-Jw.webm
Apr 29 00:02 : update: updating starWars/Naruto - Sadness and Sorrow (Piano Version)-Kk60F8a7-Jw.mp3
Apr 29 00:03 : update: added starWars/Naruto OST - Hokage Funeral-HpsV6bRb3WE.mp3
Apr 29 00:03 : update: added starWars/Naruto OST - Hokage Funeral-HpsV6bRb3WE.webm
Apr 29 00:03 : update: removing starWars/Naruto OST - Hokage Funeral-HpsV6bRb3WE.webm
Apr 29 00:03 : update: updating starWars/Naruto OST - Hokage Funeral-HpsV6bRb3WE.mp3
Apr 29 00:03 : player: played "starWars/Naruto Soundtrack- Sadness and Sorrow (FULL VERSION)-wEWF2xh5E8s.mp3"
Apr 29 00:05 : player: played "starWars/Naruto OST - Hokage Funeral-HpsV6bRb3WE.mp3"
Apr 29 00:08 : player: played "starWars/Naruto OST - Hokage Funeral-HpsV6bRb3WE.mp3"
Apr 29 00:11 : player: played "starWars/Naruto OST - Hokage Funeral-HpsV6bRb3WE.mp3"
Apr 29 00:13 : player: played "starWars/Naruto OST - Hokage Funeral-HpsV6bRb3WE.mp3"
Apr 29 00:43 : player: played "starWars/Naruto OST - Hokage Funeral-HpsV6bRb3WE.mp3"
Apr 29 09:57 : player: played "Favorites/ZHU, partywithray - Came For The Low-0DvNOC_277A.mp3"
Apr 29 10:04 : player: played "Favorites/Often (Kygo Remix)-qsDfFE2i0Ws.mp3"
Apr 30 10:55 : player: played "starWars/Apex Legends - Main Theme-Xq0joZ24D9Y.mp3"
Apr 30 10:55 : exception: Not playing
Apr 30 10:55 : exception: Not playing
Apr 30 10:55 : exception: Not playing
Apr 30 10:55 : exception: Not playing
Apr 30 10:55 : exception: Not playing
Apr 30 10:55 : exception: Not playing
Apr 30 10:58 : player: played "starWars/Apex Legends - Main Theme-Xq0joZ24D9Y.mp3"
Apr 30 11:01 : player: played "starWars/Apex Legends - Main Theme-Xq0joZ24D9Y.mp3"
Apr 30 11:03 : player: played "starWars/Apex Legends - Main Theme-Xq0joZ24D9Y.mp3"
Apr 30 11:06 : player: played "starWars/Apex Legends - Main Theme-Xq0joZ24D9Y.mp3"
Apr 30 11:09 : player: played "starWars/Apex Legends - Main Theme-Xq0joZ24D9Y.mp3"
Apr 30 11:10 : player: played "starWars/Apex Legends - Main Theme-Xq0joZ24D9Y.mp3"
Apr 30 12:24 : player: played "Favorites/Immigrant Song (Remaster)-y8OtzJtp-EM.mp3"
Apr 30 13:40 : player: played "Favorites/Immigrant Song (Remaster)-y8OtzJtp-EM.mp3"
Apr 30 18:00 : player: played "starWars/Apex Legends - Main Theme-Xq0joZ24D9Y.mp3"
Apr 30 18:03 : player: played "starWars/Apex Legends - Main Theme-Xq0joZ24D9Y.mp3"
Apr 30 18:05 : player: played "starWars/Apex Legends - Main Theme-Xq0joZ24D9Y.mp3"
Apr 30 18:08 : player: played "starWars/Apex Legends - Main Theme-Xq0joZ24D9Y.mp3"
Apr 30 18:11 : player: played "starWars/Apex Legends - Main Theme-Xq0joZ24D9Y.mp3"
Apr 30 18:13 : player: played "starWars/Apex Legends - Main Theme-Xq0joZ24D9Y.mp3"
Apr 30 18:16 : player: played "starWars/Apex Legends - Main Theme-Xq0joZ24D9Y.mp3"
Apr 30 18:18 : player: played "starWars/Apex Legends - Main Theme-Xq0joZ24D9Y.mp3"
May 01 20:23 : update: added indian/LYRICAL - Photo Song _ Luka Chuppi _ Kartik Aaryan, Kriti Sanon _Karan S _Goldboy _TanishkB _ Nirmaan-dPmhZ8l7zfA.mp3
May 01 20:23 : update: added indian/Orange  - Nenu Nuvvantu-XZGTTLiWRXg.mp3
May 01 20:33 : player: played "indian/LYRICAL - Photo Song _ Luka Chuppi _ Kartik Aaryan, Kriti Sanon _Karan S _Goldboy _TanishkB _ Nirmaan-dPmhZ8l7zfA.mp3"
May 01 20:34 : update: added Favorites/The Weeknd, Kendrick Lamar - Pray For Me (Official Lyric Video)-XR7Ev14vUh8.mp3
May 01 20:46 : player: played "Favorites/The Weeknd, Kendrick Lamar - Pray For Me (Official Lyric Video)-XR7Ev14vUh8.mp3"
May 01 20:49 : player: played "Favorites/The Weeknd, Kendrick Lamar - Pray For Me (Official Lyric Video)-XR7Ev14vUh8.mp3"
May 01 21:11 : player: played "Favorites/The Weeknd, Kendrick Lamar - Pray For Me (Official Lyric Video)-XR7Ev14vUh8.mp3"
May 01 21:17 : player: played "Favorites/Moe Shop - Lovesick (w_ maisou)-XppT7y3FuLA.mp3"
May 02 11:02 : update: added /Daft Punk (feat. Julian Casablancas) - Instant Crush [Random Access Memories]-O9BK3xcRH1g.mp3
May 02 11:02 : update: added /Daft Punk (feat. Julian Casablancas) - Instant Crush [Random Access Memories]-O9BK3xcRH1g.webm
May 02 11:03 : update: removing Daft Punk (feat. Julian Casablancas) - Instant Crush [Random Access Memories]-O9BK3xcRH1g.webm
May 02 11:03 : update: updating /Daft Punk (feat. Julian Casablancas) - Instant Crush [Random Access Memories]-O9BK3xcRH1g.mp3
May 02 11:03 : update: added Favorites/Daft Punk (feat. Julian Casablancas) - Instant Crush [Random Access Memories]-O9BK3xcRH1g.mp3
May 02 11:03 : player: played "Favorites/The Weeknd, Kendrick Lamar - Pray For Me (Official Lyric Video)-XR7Ev14vUh8.mp3"
May 02 11:03 : update: added Favorites/Daft Punk - Something About Us (Official audio)-em0MknB6wFo.mp3
May 02 11:03 : update: added Favorites/Daft Punk - Something About Us (Official audio)-em0MknB6wFo.webm
May 02 11:03 : update: removing Favorites/Daft Punk - Something About Us (Official audio)-em0MknB6wFo.webm
May 02 11:03 : update: updating Favorites/Daft Punk - Something About Us (Official audio)-em0MknB6wFo.mp3
May 02 11:09 : player: played "Favorites/Daft Punk (feat. Julian Casablancas) - Instant Crush [Random Access Memories]-O9BK3xcRH1g.mp3"
May 02 11:13 : player: played "Favorites/Daft Punk - Something About Us (Official audio)-em0MknB6wFo.mp3"
May 02 11:13 : update: removing Daft Punk (feat. Julian Casablancas) - Instant Crush [Random Access Memories]-O9BK3xcRH1g.mp3
May 02 11:17 : player: played "indian/LYRICAL - Photo Song _ Luka Chuppi _ Kartik Aaryan, Kriti Sanon _Karan S _Goldboy _TanishkB _ Nirmaan-dPmhZ8l7zfA.mp3"
May 02 11:22 : player: played "starWars/Star Wars - Order 66 Sad Music Mix _ I'm So Sorry & Anakin's Betrayal-rzDPk8tqwvQ.mp3"
May 02 11:26 : player: played "starWars/Naruto - Sadness and Sorrow (Piano Version)-Kk60F8a7-Jw.mp3"
May 02 12:15 : player: played "Favorites/Immigrant Song (Remaster)-y8OtzJtp-EM.mp3"
May 02 12:19 : player: played "Favorites/The Weeknd, Kendrick Lamar - Pray For Me (Official Lyric Video)-XR7Ev14vUh8.mp3"
May 02 12:25 : player: played "Favorites/Daft Punk (feat. Julian Casablancas) - Instant Crush [Random Access Memories]-O9BK3xcRH1g.mp3"
May 02 12:28 : player: played "Favorites/Daft Punk - Something About Us (Official audio)-em0MknB6wFo.mp3"
May 02 12:35 : player: played "Favorites/Immigrant Song (Remaster)-y8OtzJtp-EM.mp3"
May 02 12:38 : player: played "Favorites/The Weeknd, Kendrick Lamar - Pray For Me (Official Lyric Video)-XR7Ev14vUh8.mp3"
May 02 12:44 : player: played "Favorites/Daft Punk (feat. Julian Casablancas) - Instant Crush [Random Access Memories]-O9BK3xcRH1g.mp3"
May 02 12:48 : player: played "Favorites/Daft Punk - Something About Us (Official audio)-em0MknB6wFo.mp3"
May 02 13:43 : player: played "Favorites/Immigrant Song (Remaster)-y8OtzJtp-EM.mp3"
May 02 14:41 : player: played "Favorites/The Weeknd, Kendrick Lamar - Pray For Me (Official Lyric Video)-XR7Ev14vUh8.mp3"
May 02 14:47 : player: played "Favorites/Daft Punk (feat. Julian Casablancas) - Instant Crush [Random Access Memories]-O9BK3xcRH1g.mp3"
May 02 14:51 : player: played "Favorites/Daft Punk - Something About Us (Official audio)-em0MknB6wFo.mp3"
May 02 14:55 : player: played "Favorites/ZHU, partywithray - Came For The Low-0DvNOC_277A.mp3"
May 02 14:56 : player: played "Favorites/Immigrant Song (Remaster)-y8OtzJtp-EM.mp3"
May 03 10:05 : player: played "Favorites/Daft Punk (feat. Julian Casablancas) - Instant Crush [Random Access Memories]-O9BK3xcRH1g.mp3"
May 03 18:00 : player: played "Favorites/Daft Punk (feat. Julian Casablancas) - Instant Crush [Random Access Memories]-O9BK3xcRH1g.mp3"
May 03 18:08 : player: played "Favorites/Daft Punk - Something About Us (Official audio)-em0MknB6wFo.mp3"
May 03 19:09 : player: played "Favorites/Immigrant Song (Remaster)-y8OtzJtp-EM.mp3"
May 03 19:12 : player: played "Favorites/The Weeknd, Kendrick Lamar - Pray For Me (Official Lyric Video)-XR7Ev14vUh8.mp3"
May 03 19:18 : player: played "Favorites/Daft Punk (feat. Julian Casablancas) - Instant Crush [Random Access Memories]-O9BK3xcRH1g.mp3"
May 03 19:22 : player: played "Favorites/Daft Punk - Something About Us (Official audio)-em0MknB6wFo.mp3"
May 03 19:26 : player: played "Favorites/ZHU, partywithray - Came For The Low-0DvNOC_277A.mp3"
May 03 19:26 : player: played "Favorites/Immigrant Song (Remaster)-y8OtzJtp-EM.mp3"
May 03 20:13 : player: played "Favorites/The Weeknd, Kendrick Lamar - Pray For Me (Official Lyric Video)-XR7Ev14vUh8.mp3"
May 03 20:35 : player: played "Favorites/Immigrant Song (Remaster)-y8OtzJtp-EM.mp3"
May 04 09:29 : player: played "Favorites/The Weeknd, Kendrick Lamar - Pray For Me (Official Lyric Video)-XR7Ev14vUh8.mp3"
May 04 09:35 : player: played "Favorites/Daft Punk (feat. Julian Casablancas) - Instant Crush [Random Access Memories]-O9BK3xcRH1g.mp3"
May 04 09:59 : player: played "Favorites/The Weeknd, Kendrick Lamar - Pray For Me (Official Lyric Video)-XR7Ev14vUh8.mp3"
May 04 14:48 : player: played "Favorites/Daft Punk (feat. Julian Casablancas) - Instant Crush [Random Access Memories]-O9BK3xcRH1g.mp3"
May 04 19:44 : player: played "indian/Orange  - Nenu Nuvvantu-XZGTTLiWRXg.mp3"
May 04 19:48 : player: played "Favorites/ZHU, partywithray - Came For The Low-0DvNOC_277A.mp3"
May 04 19:50 : player: played "Favorites/Immigrant Song (Remaster)-y8OtzJtp-EM.mp3"
May 04 19:54 : player: played "Favorites/The Weeknd, Kendrick Lamar - Pray For Me (Official Lyric Video)-XR7Ev14vUh8.mp3"
May 04 20:00 : player: played "Favorites/Daft Punk (feat. Julian Casablancas) - Instant Crush [Random Access Memories]-O9BK3xcRH1g.mp3"
May 05 17:32 : player: played "Favorites/Daft Punk (feat. Julian Casablancas) - Instant Crush [Random Access Memories]-O9BK3xcRH1g.mp3"
May 05 17:36 : player: played "Favorites/Daft Punk - Something About Us (Official audio)-em0MknB6wFo.mp3"
May 05 17:41 : player: played "indian/Orange  - Nenu Nuvvantu-XZGTTLiWRXg.mp3"
May 05 17:45 : player: played "Favorites/ZHU, partywithray - Came For The Low-0DvNOC_277A.mp3"
May 05 17:47 : player: played "Favorites/Immigrant Song (Remaster)-y8OtzJtp-EM.mp3"
May 05 17:51 : player: played "Favorites/The Weeknd, Kendrick Lamar - Pray For Me (Official Lyric Video)-XR7Ev14vUh8.mp3"
May 05 17:56 : player: played "Favorites/Daft Punk (feat. Julian Casablancas) - Instant Crush [Random Access Memories]-O9BK3xcRH1g.mp3"
May 05 18:00 : player: played "Favorites/Daft Punk - Something About Us (Official audio)-em0MknB6wFo.mp3"
May 05 18:08 : player: played "Favorites/ZHU, partywithray - Came For The Low-0DvNOC_277A.mp3"
May 05 18:10 : player: played "Favorites/Immigrant Song (Remaster)-y8OtzJtp-EM.mp3"
May 05 18:13 : player: played "Favorites/The Weeknd, Kendrick Lamar - Pray For Me (Official Lyric Video)-XR7Ev14vUh8.mp3"
May 05 18:19 : player: played "Favorites/Daft Punk (feat. Julian Casablancas) - Instant Crush [Random Access Memories]-O9BK3xcRH1g.mp3"
May 05 18:23 : player: played "Favorites/Daft Punk - Something About Us (Official audio)-em0MknB6wFo.mp3"
May 05 18:27 : player: played "starWars/Naruto - Sadness and Sorrow (Piano Version)-Kk60F8a7-Jw.mp3"
May 05 18:30 : player: played "starWars/Attack on Titan Season 4 Episode 7 OST - Levi & Devils of Paradis vs Marley Battle Theme-AB_VcplQEzU.mp3"
May 05 18:33 : player: played "starWars/Apex Legends - Main Theme-Xq0joZ24D9Y.mp3"
May 05 18:36 : player: played "Favorites/Raye & Rudimental - Regardless (Official Audio)-gCuRPo8mh70.mp3"
May 05 18:44 : player: played "Favorites/Game of Thrones S8 Official Soundtrack _ The Last of the Starks - Ramin Djawadi _ WaterTower-Izj3IsXi6Gs.mp3"
May 05 19:48 : player: played "Favorites/ZHU, partywithray - Came For The Low-0DvNOC_277A.mp3"
May 05 19:50 : player: played "Favorites/Immigrant Song (Remaster)-y8OtzJtp-EM.mp3"
May 05 19:54 : player: played "Favorites/The Weeknd, Kendrick Lamar - Pray For Me (Official Lyric Video)-XR7Ev14vUh8.mp3"
May 05 19:59 : player: played "Favorites/Daft Punk (feat. Julian Casablancas) - Instant Crush [Random Access Memories]-O9BK3xcRH1g.mp3"
May 05 20:01 : player: played "Favorites/Daft Punk - Something About Us (Official audio)-em0MknB6wFo.mp3"
May 05 21:13 : player: played "Favorites/Daft Punk - Something About Us (Official audio)-em0MknB6wFo.mp3"
May 05 21:18 : player: played "indian/Orange  - Nenu Nuvvantu-XZGTTLiWRXg.mp3"
May 05 21:21 : player: played "starWars/Naruto - Sadness and Sorrow (Piano Version)-Kk60F8a7-Jw.mp3"
May 05 21:24 : player: played "starWars/Attack on Titan Season 4 Episode 7 OST - Levi & Devils of Paradis vs Marley Battle Theme-AB_VcplQEzU.mp3"
May 05 21:30 : player: played "starWars/Apex Legends - Main Theme-Xq0joZ24D9Y.mp3"
May 05 21:34 : player: played "Favorites/Raye & Rudimental - Regardless (Official Audio)-gCuRPo8mh70.mp3"
May 05 21:38 : player: played "Favorites/Often (Kygo Remix)-qsDfFE2i0Ws.mp3"
May 05 21:42 : player: played "Favorites/Game of Thrones S8 Official Soundtrack _ The Last of the Starks - Ramin Djawadi _ WaterTower-Izj3IsXi6Gs.mp3"
May 05 21:47 : player: played "Favorites/ZHU, partywithray - Came For The Low-0DvNOC_277A.mp3"
May 05 21:49 : player: played "Favorites/Immigrant Song (Remaster)-y8OtzJtp-EM.mp3"
May 05 21:52 : player: played "Favorites/The Weeknd, Kendrick Lamar - Pray For Me (Official Lyric Video)-XR7Ev14vUh8.mp3"
May 05 22:16 : player: played "Favorites/Daft Punk (feat. Julian Casablancas) - Instant Crush [Random Access Memories]-O9BK3xcRH1g.mp3"
May 06 20:20 : player: played "Favorites/Daft Punk - Something About Us (Official audio)-em0MknB6wFo.mp3"
May 07 11:54 : player: played "Favorites/Daft Punk - Something About Us (Official audio)-em0MknB6wFo.mp3"
May 07 21:26 : player: played "Favorites/Daft Punk (feat. Julian Casablancas) - Instant Crush [Random Access Memories]-O9BK3xcRH1g.mp3"
May 07 21:30 : player: played "Favorites/Daft Punk - Something About Us (Official audio)-em0MknB6wFo.mp3"
May 07 21:34 : player: played "indian/Orange  - Nenu Nuvvantu-XZGTTLiWRXg.mp3"
May 07 21:37 : player: played "starWars/Naruto - Sadness and Sorrow (Piano Version)-Kk60F8a7-Jw.mp3"
May 07 21:41 : player: played "starWars/Attack on Titan Season 4 Episode 7 OST - Levi & Devils of Paradis vs Marley Battle Theme-AB_VcplQEzU.mp3"
May 07 21:43 : player: played "starWars/Apex Legends - Main Theme-Xq0joZ24D9Y.mp3"
May 07 21:47 : player: played "Favorites/Raye & Rudimental - Regardless (Official Audio)-gCuRPo8mh70.mp3"
May 07 21:55 : player: played "Favorites/Game of Thrones S8 Official Soundtrack _ The Last of the Starks - Ramin Djawadi _ WaterTower-Izj3IsXi6Gs.mp3"
May 07 21:59 : player: played "Favorites/ZHU, partywithray - Came For The Low-0DvNOC_277A.mp3"
May 07 22:01 : player: played "Favorites/Immigrant Song (Remaster)-y8OtzJtp-EM.mp3"
May 07 22:06 : player: played "Favorites/The Weeknd, Kendrick Lamar - Pray For Me (Official Lyric Video)-XR7Ev14vUh8.mp3"
May 07 22:11 : player: played "Favorites/Daft Punk (feat. Julian Casablancas) - Instant Crush [Random Access Memories]-O9BK3xcRH1g.mp3"
May 07 22:15 : player: played "Favorites/Daft Punk - Something About Us (Official audio)-em0MknB6wFo.mp3"
May 07 22:29 : player: played "starWars/Naruto - Sadness and Sorrow (Piano Version)-Kk60F8a7-Jw.mp3"
May 08 09:42 : player: played "Favorites/The Weeknd, Kendrick Lamar - Pray For Me (Official Lyric Video)-XR7Ev14vUh8.mp3"
May 08 09:51 : player: played "Favorites/Daft Punk - Something About Us (Official audio)-em0MknB6wFo.mp3"
May 08 10:40 : player: played "indian/Orange  - Nenu Nuvvantu-XZGTTLiWRXg.mp3"
May 08 18:37 : player: played "Favorites/The Weeknd, Kendrick Lamar - Pray For Me (Official Lyric Video)-XR7Ev14vUh8.mp3"
May 08 18:43 : player: played "Favorites/Daft Punk (feat. Julian Casablancas) - Instant Crush [Random Access Memories]-O9BK3xcRH1g.mp3"
May 08 18:47 : player: played "Favorites/Daft Punk - Something About Us (Official audio)-em0MknB6wFo.mp3"
May 08 18:53 : player: played "Favorites/Raye & Rudimental - Regardless (Official Audio)-gCuRPo8mh70.mp3"
May 08 18:56 : player: played "Favorites/Often (Kygo Remix)-qsDfFE2i0Ws.mp3"
May 08 19:01 : player: played "Favorites/Game of Thrones S8 Official Soundtrack _ The Last of the Starks - Ramin Djawadi _ WaterTower-Izj3IsXi6Gs.mp3"
May 08 19:05 : player: played "Favorites/ZHU, partywithray - Came For The Low-0DvNOC_277A.mp3"
May 08 19:08 : player: played "Favorites/Immigrant Song (Remaster)-y8OtzJtp-EM.mp3"
May 08 19:11 : player: played "Favorites/The Weeknd, Kendrick Lamar - Pray For Me (Official Lyric Video)-XR7Ev14vUh8.mp3"
May 08 19:17 : player: played "Favorites/Daft Punk (feat. Julian Casablancas) - Instant Crush [Random Access Memories]-O9BK3xcRH1g.mp3"
May 08 19:21 : player: played "Favorites/Daft Punk - Something About Us (Official audio)-em0MknB6wFo.mp3"
May 08 19:24 : player: played "starWars/Apex Legends - Main Theme-Xq0joZ24D9Y.mp3"
May 09 18:16 : player: played "Favorites/The Weeknd, Kendrick Lamar - Pray For Me (Official Lyric Video)-XR7Ev14vUh8.mp3"
May 09 18:21 : player: played "Favorites/Daft Punk (feat. Julian Casablancas) - Instant Crush [Random Access Memories]-O9BK3xcRH1g.mp3"
May 09 18:25 : player: played "Favorites/Daft Punk - Something About Us (Official audio)-em0MknB6wFo.mp3"
May 09 18:30 : player: played "indian/Orange  - Nenu Nuvvantu-XZGTTLiWRXg.mp3"
May 09 18:33 : player: played "starWars/Naruto - Sadness and Sorrow (Piano Version)-Kk60F8a7-Jw.mp3"
May 09 18:36 : player: played "starWars/Attack on Titan Season 4 Episode 7 OST - Levi & Devils of Paradis vs Marley Battle Theme-AB_VcplQEzU.mp3"
May 09 18:39 : player: played "starWars/Apex Legends - Main Theme-Xq0joZ24D9Y.mp3"
May 09 18:42 : player: played "Favorites/Raye & Rudimental - Regardless (Official Audio)-gCuRPo8mh70.mp3"
May 09 18:47 : player: played "Favorites/ZHU, partywithray - Came For The Low-0DvNOC_277A.mp3"
May 09 18:49 : player: played "Favorites/Immigrant Song (Remaster)-y8OtzJtp-EM.mp3"
May 09 18:52 : player: played "Favorites/The Weeknd, Kendrick Lamar - Pray For Me (Official Lyric Video)-XR7Ev14vUh8.mp3"
May 09 19:06 : player: played "Favorites/Daft Punk (feat. Julian Casablancas) - Instant Crush [Random Access Memories]-O9BK3xcRH1g.mp3"
May 09 19:10 : player: played "Favorites/Daft Punk - Something About Us (Official audio)-em0MknB6wFo.mp3"
May 09 19:14 : player: played "indian/Orange  - Nenu Nuvvantu-XZGTTLiWRXg.mp3"
May 09 19:18 : player: played "starWars/Naruto - Sadness and Sorrow (Piano Version)-Kk60F8a7-Jw.mp3"
May 09 19:21 : player: played "starWars/Attack on Titan Season 4 Episode 7 OST - Levi & Devils of Paradis vs Marley Battle Theme-AB_VcplQEzU.mp3"
May 09 19:24 : player: played "starWars/Apex Legends - Main Theme-Xq0joZ24D9Y.mp3"
May 09 19:27 : player: played "Favorites/Raye & Rudimental - Regardless (Official Audio)-gCuRPo8mh70.mp3"
May 09 19:31 : player: played "Favorites/Often (Kygo Remix)-qsDfFE2i0Ws.mp3"
May 09 19:36 : player: played "Favorites/Game of Thrones S8 Official Soundtrack _ The Last of the Starks - Ramin Djawadi _ WaterTower-Izj3IsXi6Gs.mp3"
May 09 19:40 : player: played "Favorites/ZHU, partywithray - Came For The Low-0DvNOC_277A.mp3"
May 09 19:42 : player: played "Favorites/Immigrant Song (Remaster)-y8OtzJtp-EM.mp3"
May 09 19:46 : player: played "Favorites/The Weeknd, Kendrick Lamar - Pray For Me (Official Lyric Video)-XR7Ev14vUh8.mp3"
May 09 19:51 : player: played "Favorites/Daft Punk (feat. Julian Casablancas) - Instant Crush [Random Access Memories]-O9BK3xcRH1g.mp3"
May 09 19:55 : player: played "Favorites/Daft Punk - Something About Us (Official audio)-em0MknB6wFo.mp3"
May 09 20:00 : player: played "indian/Orange  - Nenu Nuvvantu-XZGTTLiWRXg.mp3"
May 09 20:03 : player: played "starWars/Naruto - Sadness and Sorrow (Piano Version)-Kk60F8a7-Jw.mp3"
May 09 20:07 : player: played "starWars/Attack on Titan Season 4 Episode 7 OST - Levi & Devils of Paradis vs Marley Battle Theme-AB_VcplQEzU.mp3"
May 09 20:09 : player: played "starWars/Apex Legends - Main Theme-Xq0joZ24D9Y.mp3"
May 09 20:12 : player: played "Favorites/Raye & Rudimental - Regardless (Official Audio)-gCuRPo8mh70.mp3"
May 09 20:16 : player: played "Favorites/Often (Kygo Remix)-qsDfFE2i0Ws.mp3"
May 09 20:21 : player: played "Favorites/Game of Thrones S8 Official Soundtrack _ The Last of the Starks - Ramin Djawadi _ WaterTower-Izj3IsXi6Gs.mp3"
May 09 20:56 : player: played "Favorites/ZHU, partywithray - Came For The Low-0DvNOC_277A.mp3"
May 09 20:59 : player: played "Favorites/Immigrant Song (Remaster)-y8OtzJtp-EM.mp3"
May 09 21:02 : player: played "Favorites/The Weeknd, Kendrick Lamar - Pray For Me (Official Lyric Video)-XR7Ev14vUh8.mp3"
May 09 21:08 : player: played "Favorites/Daft Punk (feat. Julian Casablancas) - Instant Crush [Random Access Memories]-O9BK3xcRH1g.mp3"
May 09 21:12 : player: played "Favorites/Daft Punk - Something About Us (Official audio)-em0MknB6wFo.mp3"
May 09 21:16 : player: played "indian/Orange  - Nenu Nuvvantu-XZGTTLiWRXg.mp3"
May 09 21:19 : player: played "starWars/Naruto - Sadness and Sorrow (Piano Version)-Kk60F8a7-Jw.mp3"
May 09 22:16 : player: played "Favorites/The Weeknd, Kendrick Lamar - Pray For Me (Official Lyric Video)-XR7Ev14vUh8.mp3"
May 10 03:11 : player: played "Favorites/Daft Punk (feat. Julian Casablancas) - Instant Crush [Random Access Memories]-O9BK3xcRH1g.mp3"
May 10 17:08 : player: played "Favorites/Immigrant Song (Remaster)-y8OtzJtp-EM.mp3"
May 10 17:11 : player: played "Favorites/The Weeknd, Kendrick Lamar - Pray For Me (Official Lyric Video)-XR7Ev14vUh8.mp3"
May 10 17:17 : player: played "Favorites/Daft Punk (feat. Julian Casablancas) - Instant Crush [Random Access Memories]-O9BK3xcRH1g.mp3"
May 10 17:21 : player: played "Favorites/Daft Punk - Something About Us (Official audio)-em0MknB6wFo.mp3"
May 10 17:26 : player: played "indian/Orange  - Nenu Nuvvantu-XZGTTLiWRXg.mp3"
May 10 17:29 : player: played "starWars/Naruto - Sadness and Sorrow (Piano Version)-Kk60F8a7-Jw.mp3"
May 10 17:32 : player: played "starWars/Attack on Titan Season 4 Episode 7 OST - Levi & Devils of Paradis vs Marley Battle Theme-AB_VcplQEzU.mp3"
May 10 17:35 : player: played "starWars/Apex Legends - Main Theme-Xq0joZ24D9Y.mp3"
May 10 17:38 : player: played "Favorites/Raye & Rudimental - Regardless (Official Audio)-gCuRPo8mh70.mp3"
May 10 17:42 : player: played "Favorites/Often (Kygo Remix)-qsDfFE2i0Ws.mp3"
May 10 17:45 : player: played "Favorites/Game of Thrones S8 Official Soundtrack _ The Last of the Starks - Ramin Djawadi _ WaterTower-Izj3IsXi6Gs.mp3"
May 10 22:25 : player: played "Favorites/Raye & Rudimental - Regardless (Official Audio)-gCuRPo8mh70.mp3"
May 10 22:29 : player: played "Favorites/Often (Kygo Remix)-qsDfFE2i0Ws.mp3"
May 10 22:36 : player: played "Favorites/The Weeknd, Kendrick Lamar - Pray For Me (Official Lyric Video)-XR7Ev14vUh8.mp3"
May 10 22:42 : player: played "Favorites/Daft Punk (feat. Julian Casablancas) - Instant Crush [Random Access Memories]-O9BK3xcRH1g.mp3"
